<?xml version="1.0" encoding="UTF-8"?>
<testsuite name="com.elements.elementdistributions.ElementDistributionsApplicationTests" tests="1" skipped="0" failures="0" errors="0" timestamp="2018-09-15T15:00:21" hostname="o-2.attlocal.net" time="0.083">
  <properties/>
  <testcase name="contextLoads" classname="com.elements.elementdistributions.ElementDistributionsApplicationTests" time="0.083"/>
  <system-out><![CDATA[11:00:14.854 [Test worker] DEBUG org.springframework.test.context.junit4.SpringJUnit4ClassRunner - SpringJUnit4ClassRunner constructor called with [class com.elements.elementdistributions.ElementDistributionsApplicationTests]
11:00:14.862 [Test worker] DEBUG org.springframework.test.context.BootstrapUtils - Instantiating CacheAwareContextLoaderDelegate from class [org.springframework.test.context.cache.DefaultCacheAwareContextLoaderDelegate]
11:00:14.870 [Test worker] DEBUG org.springframework.test.context.BootstrapUtils - Instantiating BootstrapContext using constructor [public org.springframework.test.context.support.DefaultBootstrapContext(java.lang.Class,org.springframework.test.context.CacheAwareContextLoaderDelegate)]
11:00:14.888 [Test worker] DEBUG org.springframework.test.context.BootstrapUtils - Instantiating TestContextBootstrapper for test class [com.elements.elementdistributions.ElementDistributionsApplicationTests] from class [org.springframework.boot.test.context.SpringBootTestContextBootstrapper]
11:00:14.899 [Test worker] INFO org.springframework.boot.test.context.SpringBootTestContextBootstrapper - Neither @ContextConfiguration nor @ContextHierarchy found for test class [com.elements.elementdistributions.ElementDistributionsApplicationTests], using SpringBootContextLoader
11:00:14.901 [Test worker] DEBUG org.springframework.test.context.support.AbstractContextLoader - Did not detect default resource location for test class [com.elements.elementdistributions.ElementDistributionsApplicationTests]: class path resource [com/elements/elementdistributions/ElementDistributionsApplicationTests-context.xml] does not exist
11:00:14.902 [Test worker] DEBUG org.springframework.test.context.support.AbstractContextLoader - Did not detect default resource location for test class [com.elements.elementdistributions.ElementDistributionsApplicationTests]: class path resource [com/elements/elementdistributions/ElementDistributionsApplicationTestsContext.groovy] does not exist
11:00:14.902 [Test worker] INFO org.springframework.test.context.support.AbstractContextLoader - Could not detect default resource locations for test class [com.elements.elementdistributions.ElementDistributionsApplicationTests]: no resource found for suffixes {-context.xml, Context.groovy}.
11:00:14.903 [Test worker] INFO org.springframework.test.context.support.AnnotationConfigContextLoaderUtils - Could not detect default configuration classes for test class [com.elements.elementdistributions.ElementDistributionsApplicationTests]: ElementDistributionsApplicationTests does not declare any static, non-private, non-final, nested classes annotated with @Configuration.
11:00:14.941 [Test worker] DEBUG org.springframework.test.context.support.ActiveProfilesUtils - Could not find an 'annotation declaring class' for annotation type [org.springframework.test.context.ActiveProfiles] and class [com.elements.elementdistributions.ElementDistributionsApplicationTests]
11:00:14.947 [Test worker] DEBUG org.springframework.core.env.StandardEnvironment - Adding PropertySource 'systemProperties' with lowest search precedence
11:00:14.948 [Test worker] DEBUG org.springframework.core.env.StandardEnvironment - Adding PropertySource 'systemEnvironment' with lowest search precedence
11:00:14.948 [Test worker] DEBUG org.springframework.core.env.StandardEnvironment - Initialized StandardEnvironment with PropertySources [MapPropertySource@220287181 {name='systemProperties', properties={java.runtime.name=Java(TM) SE Runtime Environment, sun.boot.library.path=/Library/Java/JavaVirtualMachines/jdk1.8.0_31.jdk/Contents/Home/jre/lib, java.vm.version=25.31-b07, gopherProxySet=false, java.vm.vendor=Oracle Corporation, java.vendor.url=http://java.oracle.com/, path.separator=:, java.vm.name=Java HotSpot(TM) 64-Bit Server VM, file.encoding.pkg=sun.io, sun.java.launcher=SUN_STANDARD, user.country=US, sun.os.patch.level=unknown, java.vm.specification.name=Java Virtual Machine Specification, user.dir=/Users/Alok/Desktop/My-Project/elements-distribution/server, java.runtime.version=1.8.0_31-b13, java.awt.graphicsenv=sun.awt.CGraphicsEnvironment, java.endorsed.dirs=/Library/Java/JavaVirtualMachines/jdk1.8.0_31.jdk/Contents/Home/jre/lib/endorsed, os.arch=x86_64, java.io.tmpdir=/var/folders/9z/n2592mjj2d554z_4d0fh700c0000gn/T/, line.separator=
, java.vm.specification.vendor=Oracle Corporation, user.variant=, os.name=Mac OS X, sun.jnu.encoding=UTF-8, java.library.path=/Users/Alok/Library/Java/Extensions:/Library/Java/Extensions:/Network/Library/Java/Extensions:/System/Library/Java/Extensions:/usr/lib/java:., java.specification.name=Java Platform API Specification, java.class.version=52.0, org.gradle.native=false, sun.management.compiler=HotSpot 64-Bit Tiered Compilers, os.version=10.13.2, http.nonProxyHosts=local|*.local|169.254/16|*.169.254/16, user.home=/Users/Alok, user.timezone=America/New_York, java.awt.printerjob=sun.lwawt.macosx.CPrinterJob, file.encoding=UTF-8, java.specification.version=1.8, java.class.path=/Users/Alok/Desktop/My-Project/elements-distribution/server/build/classes/java/test:/Users/Alok/Desktop/My-Project/elements-distribution/server/build/resources/test:/Users/Alok/Desktop/My-Project/elements-distribution/server/build/classes/java/main:/Users/Alok/Desktop/My-Project/elements-distribution/server/build/resources/main:/Users/Alok/.gradle/caches/modules-2/files-2.1/org.springframework.boot/spring-boot-starter-data-jpa/2.0.5.RELEASE/c99b58e8ada11478aa5d0c3065745b7e887f094e/spring-boot-starter-data-jpa-2.0.5.RELEASE.jar:/Users/Alok/.gradle/caches/modules-2/files-2.1/org.springframework.boot/spring-boot-starter-data-rest/2.0.5.RELEASE/4a385188db1fd47999ee30837780f2c1f63e55ae/spring-boot-starter-data-rest-2.0.5.RELEASE.jar:/Users/Alok/.gradle/caches/modules-2/files-2.1/org.springframework.boot/spring-boot-starter-web/2.0.5.RELEASE/52daa1f1509bd637a737206e54c06a17aabb9504/spring-boot-starter-web-2.0.5.RELEASE.jar:/Users/Alok/.gradle/caches/modules-2/files-2.1/org.springframework.boot/spring-boot-starter-security/2.0.5.RELEASE/5a53ddfd9ebd108f914f390981d992bacabf29d3/spring-boot-starter-security-2.0.5.RELEASE.jar:/Users/Alok/.gradle/caches/modules-2/files-2.1/io.jsonwebtoken/jjwt/0.9.0/64e3ed8a5f0bc93ecea592a0b3280f995efbdfe9/jjwt-0.9.0.jar:/Users/Alok/.gradle/caches/modules-2/files-2.1/org.springframework.boot/spring-boot-starter-mail/1.2.0.RELEASE/4f06890a34955556b428d6f42695fcd117ea27f/spring-boot-starter-mail-1.2.0.RELEASE.jar:/Users/Alok/.gradle/caches/modules-2/files-2.1/mysql/mysql-connector-java/5.1.47/9de4159aaf2d08817a276610b8114a825fca6cfd/mysql-connector-java-5.1.47.jar:/Users/Alok/.gradle/caches/modules-2/files-2.1/org.springframework.boot/spring-boot-starter-test/2.0.5.RELEASE/ab04ca2e76f6a8e786001352a81a10e4b0e7fbc8/spring-boot-starter-test-2.0.5.RELEASE.jar:/Users/Alok/.gradle/caches/modules-2/files-2.1/org.springframework.boot/spring-boot-starter-aop/2.0.5.RELEASE/6bc1e8bcc849772d48cae1e8278cd2b471361698/spring-boot-starter-aop-2.0.5.RELEASE.jar:/Users/Alok/.gradle/caches/modules-2/files-2.1/org.springframework.boot/spring-boot-starter-jdbc/2.0.5.RELEASE/9a5370acc7c5e17f4a00578211fbbd212b9a8329/spring-boot-starter-jdbc-2.0.5.RELEASE.jar:/Users/Alok/.gradle/caches/modules-2/files-2.1/org.springframework.boot/spring-boot-starter-json/2.0.5.RELEASE/d0052ded4733ceb1fb7d927238f22f9a92099227/spring-boot-starter-json-2.0.5.RELEASE.jar:/Users/Alok/.gradle/caches/modules-2/files-2.1/org.springframework.boot/spring-boot-starter/2.0.5.RELEASE/1f53487a373be18d064a5815e9bac9882ef15cdc/spring-boot-starter-2.0.5.RELEASE.jar:/Users/Alok/.gradle/caches/modules-2/files-2.1/javax.transaction/javax.transaction-api/1.2/d81aff979d603edd90dcd8db2abc1f4ce6479e3e/javax.transaction-api-1.2.jar:/Users/Alok/.gradle/caches/modules-2/files-2.1/org.hibernate/hibernate-core/5.2.17.Final/f2dc36470e7a2ffcf6106bb1625ecf5b54bb5f65/hibernate-core-5.2.17.Final.jar:/Users/Alok/.gradle/caches/modules-2/files-2.1/org.springframework.data/spring-data-jpa/2.0.10.RELEASE/a6e644c363d050c6c90f078f4f0ac66892f60d54/spring-data-jpa-2.0.10.RELEASE.jar:/Users/Alok/.gradle/caches/modules-2/files-2.1/org.springframework/spring-aspects/5.0.9.RELEASE/dfb2da4c573391d8e8a482f08bdf4d38398e2bb0/spring-aspects-5.0.9.RELEASE.jar:/Users/Alok/.gradle/caches/modules-2/files-2.1/org.springframework.data/spring-data-rest-webmvc/3.0.10.RELEASE/4b98794e529af235bd81a8eec59ae4095a28ab59/spring-data-rest-webmvc-3.0.10.RELEASE.jar:/Users/Alok/.gradle/caches/modules-2/files-2.1/org.springframework.boot/spring-boot-starter-tomcat/2.0.5.RELEASE/eaac8a5d73b45400bc88cd7f6b5c99b5f0d5e9b7/spring-boot-starter-tomcat-2.0.5.RELEASE.jar:/Users/Alok/.gradle/caches/modules-2/files-2.1/org.hibernate.validator/hibernate-validator/6.0.12.Final/478003e61b056c1f97840ba3e62ff31cdc89597/hibernate-validator-6.0.12.Final.jar:/Users/Alok/.gradle/caches/modules-2/files-2.1/org.springframework.data/spring-data-rest-core/3.0.10.RELEASE/9a04ce65dd41c3ef9c858cd216d0317911954772/spring-data-rest-core-3.0.10.RELEASE.jar:/Users/Alok/.gradle/caches/modules-2/files-2.1/org.springframework.hateoas/spring-hateoas/0.25.0.RELEASE/22d1abd575426709734ab83e7d81d6deb4addbf6/spring-hateoas-0.25.0.RELEASE.jar:/Users/Alok/.gradle/caches/modules-2/files-2.1/org.springframework/spring-webmvc/5.0.9.RELEASE/c18346caaeb8dc648c4cc01874996fd9fef76664/spring-webmvc-5.0.9.RELEASE.jar:/Users/Alok/.gradle/caches/modules-2/files-2.1/org.springframework.security/spring-security-web/5.0.8.RELEASE/87b45329699c294ccd6df2507a1f703eca89e381/spring-security-web-5.0.8.RELEASE.jar:/Users/Alok/.gradle/caches/modules-2/files-2.1/org.springframework/spring-web/5.0.9.RELEASE/1ea3aab93340849313fa74ec626ddaf1fff9ed8e/spring-web-5.0.9.RELEASE.jar:/Users/Alok/.gradle/caches/modules-2/files-2.1/org.springframework.security/spring-security-config/5.0.8.RELEASE/83a070861ad63c0dd5660d4529b9c37a3c9e3c50/spring-security-config-5.0.8.RELEASE.jar:/Users/Alok/.gradle/caches/modules-2/files-2.1/org.springframework.security/spring-security-core/5.0.8.RELEASE/32a39026edcb6b7cd4567df2c75bd561d876f515/spring-security-core-5.0.8.RELEASE.jar:/Users/Alok/.gradle/caches/modules-2/files-2.1/org.springframework/spring-context-support/5.0.9.RELEASE/70513a5860ced0660834bc590b435fc7b73902ea/spring-context-support-5.0.9.RELEASE.jar:/Users/Alok/.gradle/caches/modules-2/files-2.1/org.springframework.boot/spring-boot-test-autoconfigure/2.0.5.RELEASE/54d5e8f9e88c6236fe164474f0aed5a8a1052c43/spring-boot-test-autoconfigure-2.0.5.RELEASE.jar:/Users/Alok/.gradle/caches/modules-2/files-2.1/org.springframework.boot/spring-boot-test/2.0.5.RELEASE/ce6353f33217982357a6bdba6576015ea333304c/spring-boot-test-2.0.5.RELEASE.jar:/Users/Alok/.gradle/caches/modules-2/files-2.1/org.springframework.boot/spring-boot-autoconfigure/2.0.5.RELEASE/e5588642799e0c0c04638e255c3d3f31ba400ff4/spring-boot-autoconfigure-2.0.5.RELEASE.jar:/Users/Alok/.gradle/caches/modules-2/files-2.1/org.springframework.boot/spring-boot/2.0.5.RELEASE/19a4624cbd89a318d10c79f289c6c816043850fb/spring-boot-2.0.5.RELEASE.jar:/Users/Alok/.gradle/caches/modules-2/files-2.1/org.springframework.plugin/spring-plugin-core/1.2.0.RELEASE/f380e7760032e7d929184f8ad8a33716b75c0657/spring-plugin-core-1.2.0.RELEASE.jar:/Users/Alok/.gradle/caches/modules-2/files-2.1/org.springframework/spring-context/5.0.9.RELEASE/2501e55acb6c2e84667cda3f845d1d00a0dc4e05/spring-context-5.0.9.RELEASE.jar:/Users/Alok/.gradle/caches/modules-2/files-2.1/org.springframework/spring-aop/5.0.9.RELEASE/98003b099697fe46b6bdf18c7e3f66d7a1381060/spring-aop-5.0.9.RELEASE.jar:/Users/Alok/.gradle/caches/modules-2/files-2.1/com.fasterxml.jackson.datatype/jackson-datatype-jdk8/2.9.6/456895fc91bf7180b216fead220373e6278230c9/jackson-datatype-jdk8-2.9.6.jar:/Users/Alok/.gradle/caches/modules-2/files-2.1/com.fasterxml.jackson.datatype/jackson-datatype-jsr310/2.9.6/ea54f6193d224e5e5732bbd4262327eb465397c2/jackson-datatype-jsr310-2.9.6.jar:/Users/Alok/.gradle/caches/modules-2/files-2.1/com.fasterxml.jackson.module/jackson-module-parameter-names/2.9.6/129acd77a4b6ee30d62d3a0899b1344c8ec2bff8/jackson-module-parameter-names-2.9.6.jar:/Users/Alok/.gradle/caches/modules-2/files-2.1/com.fasterxml.jackson.core/jackson-databind/2.9.6/cfa4f316351a91bfd95cb0644c6a2c95f52db1fc/jackson-databind-2.9.6.jar:/Users/Alok/.gradle/caches/modules-2/files-2.1/org.springframework/spring-test/5.0.9.RELEASE/218c8648f898453be92d550252e0ce2a84b54375/spring-test-5.0.9.RELEASE.jar:/Users/Alok/.gradle/caches/modules-2/files-2.1/org.springframework/spring-orm/5.0.9.RELEASE/bb9265effd7c903f4cc1c98d16b4188b7827a1cc/spring-orm-5.0.9.RELEASE.jar:/Users/Alok/.gradle/caches/modules-2/files-2.1/org.springframework/spring-jdbc/5.0.9.RELEASE/2f38726ef2f5ecb72af7e915dac43177b01a8f53/spring-jdbc-5.0.9.RELEASE.jar:/Users/Alok/.gradle/caches/modules-2/files-2.1/org.springframework/spring-tx/5.0.9.RELEASE/d3a13fc3c56bdddd8144a686ed64f0cdb3ad7305/spring-tx-5.0.9.RELEASE.jar:/Users/Alok/.gradle/caches/modules-2/files-2.1/org.springframework.data/spring-data-commons/2.0.10.RELEASE/64d4e58a2b16b9446d51a2650058d821a5bce98d/spring-data-commons-2.0.10.RELEASE.jar:/Users/Alok/.gradle/caches/modules-2/files-2.1/org.springframework/spring-beans/5.0.9.RELEASE/65f56fdab1bb90ad059e314d2f2f4cf76f9bdbde/spring-beans-5.0.9.RELEASE.jar:/Users/Alok/.gradle/caches/modules-2/files-2.1/org.springframework/spring-expression/5.0.9.RELEASE/1f9db5ff3a758102c0434cc3457aa47c50c39a4a/spring-expression-5.0.9.RELEASE.jar:/Users/Alok/.gradle/caches/modules-2/files-2.1/org.springframework/spring-core/5.0.9.RELEASE/9f9a828936d81afd49a603bda9cc1aed863a0d85/spring-core-5.0.9.RELEASE.jar:/Users/Alok/.gradle/caches/modules-2/files-2.1/com.sun.mail/javax.mail/1.6.2/935151eb71beff17a2ffac15dd80184a99a0514f/javax.mail-1.6.2.jar:/Users/Alok/.gradle/caches/modules-2/files-2.1/com.jayway.jsonpath/json-path/2.4.0/765a4401ceb2dc8d40553c2075eb80a8fa35c2ae/json-path-2.4.0.jar:/Users/Alok/.gradle/caches/modules-2/files-2.1/junit/junit/4.12/2973d150c0dc1fefe998f834810d68f278ea58ec/junit-4.12.jar:/Users/Alok/.gradle/caches/modules-2/files-2.1/org.assertj/assertj-core/3.9.1/c5ce126b15f28d56cd8f960c1a6a058b9c9aea87/assertj-core-3.9.1.jar:/Users/Alok/.gradle/caches/modules-2/files-2.1/org.mockito/mockito-core/2.15.0/b84bfbbc29cd22c9529409627af6ea2897f4fa85/mockito-core-2.15.0.jar:/Users/Alok/.gradle/caches/modules-2/files-2.1/org.hamcrest/hamcrest-library/1.3/4785a3c21320980282f9f33d0d1264a69040538f/hamcrest-library-1.3.jar:/Users/Alok/.gradle/caches/modules-2/files-2.1/org.hamcrest/hamcrest-core/1.3/42a25dc3219429f0e5d060061f71acb49bf010a0/hamcrest-core-1.3.jar:/Users/Alok/.gradle/caches/modules-2/files-2.1/org.skyscreamer/jsonassert/1.5.0/6c9d5fe2f59da598d9aefc1cfc6528ff3cf32df3/jsonassert-1.5.0.jar:/Users/Alok/.gradle/caches/modules-2/files-2.1/org.xmlunit/xmlunit-core/2.5.1/4ffdb346572a7356f7521cd3119ce5287d2e339d/xmlunit-core-2.5.1.jar:/Users/Alok/.gradle/caches/modules-2/files-2.1/org.springframework.boot/spring-boot-starter-logging/2.0.5.RELEASE/c353e0b9591d0765c687ff0a678478cbebfd5c23/spring-boot-starter-logging-2.0.5.RELEASE.jar:/Users/Alok/.gradle/caches/modules-2/files-2.1/javax.annotation/javax.annotation-api/1.3.2/934c04d3cfef185a8008e7bf34331b79730a9d43/javax.annotation-api-1.3.2.jar:/Users/Alok/.gradle/caches/modules-2/files-2.1/org.yaml/snakeyaml/1.19/2d998d3d674b172a588e54ab619854d073f555b5/snakeyaml-1.19.jar:/Users/Alok/.gradle/caches/modules-2/files-2.1/org.aspectj/aspectjweaver/1.8.13/ad94df2a28d658a40dc27bbaff6a1ce5fbf04e9b/aspectjweaver-1.8.13.jar:/Users/Alok/.gradle/caches/modules-2/files-2.1/com.zaxxer/HikariCP/2.7.9/a83113d2c091d0d0f853dad3217bd7df3beb6ae3/HikariCP-2.7.9.jar:/Users/Alok/.gradle/caches/modules-2/files-2.1/org.hibernate.common/hibernate-commons-annotations/5.0.1.Final/71e1cff3fcb20d3b3af4f3363c3ddb24d33c6879/hibernate-commons-annotations-5.0.1.Final.jar:/Users/Alok/.gradle/caches/modules-2/files-2.1/org.jboss.logging/jboss-logging/3.3.2.Final/3789d00e859632e6c6206adc0c71625559e6e3b0/jboss-logging-3.3.2.Final.jar:/Users/Alok/.gradle/caches/modules-2/files-2.1/org.hibernate.javax.persistence/hibernate-jpa-2.1-api/1.0.2.Final/52afb5762c704a6b586e27742470c08f91877fc1/hibernate-jpa-2.1-api-1.0.2.Final.jar:/Users/Alok/.gradle/caches/modules-2/files-2.1/org.javassist/javassist/3.22.0-GA/3e83394258ae2089be7219b971ec21a8288528ad/javassist-3.22.0-GA.jar:/Users/Alok/.gradle/caches/modules-2/files-2.1/antlr/antlr/2.7.7/83cd2cd674a217ade95a4bb83a8a14f351f48bd0/antlr-2.7.7.jar:/Users/Alok/.gradle/caches/modules-2/files-2.1/org.jboss/jandex/2.0.3.Final/bfc4d6257dbff7a33a357f0de116be6ff951d849/jandex-2.0.3.Final.jar:/Users/Alok/.gradle/caches/modules-2/files-2.1/com.fasterxml/classmate/1.3.4/3d5f48f10bbe4eb7bd862f10c0583be2e0053c6/classmate-1.3.4.jar:/Users/Alok/.gradle/caches/modules-2/files-2.1/dom4j/dom4j/1.6.1/5d3ccc056b6f056dbf0dddfdf43894b9065a8f94/dom4j-1.6.1.jar:/Users/Alok/.gradle/caches/modules-2/files-2.1/ch.qos.logback/logback-classic/1.2.3/7c4f3c474fb2c041d8028740440937705ebb473a/logback-classic-1.2.3.jar:/Users/Alok/.gradle/caches/modules-2/files-2.1/org.apache.logging.log4j/log4j-to-slf4j/2.10.0/f7e631ccf49cfc0aefa4a2a728da7d374c05bd3c/log4j-to-slf4j-2.10.0.jar:/Users/Alok/.gradle/caches/modules-2/files-2.1/org.slf4j/jul-to-slf4j/1.7.25/af5364cd6679bfffb114f0dec8a157aaa283b76/jul-to-slf4j-1.7.25.jar:/Users/Alok/.gradle/caches/modules-2/files-2.1/org.slf4j/slf4j-api/1.7.25/da76ca59f6a57ee3102f8f9bd9cee742973efa8a/slf4j-api-1.7.25.jar:/Users/Alok/.gradle/caches/modules-2/files-2.1/com.fasterxml.jackson.core/jackson-annotations/2.9.0/7c10d545325e3a6e72e06381afe469fd40eb701/jackson-annotations-2.9.0.jar:/Users/Alok/.gradle/caches/modules-2/files-2.1/org.apache.tomcat.embed/tomcat-embed-websocket/8.5.34/5f86906367c2540b21e6aeecc277d2ce9ec939b0/tomcat-embed-websocket-8.5.34.jar:/Users/Alok/.gradle/caches/modules-2/files-2.1/org.apache.tomcat.embed/tomcat-embed-core/8.5.34/a038040d68a90397f95dd1e11b979fe364a5000f/tomcat-embed-core-8.5.34.jar:/Users/Alok/.gradle/caches/modules-2/files-2.1/org.apache.tomcat.embed/tomcat-embed-el/8.5.34/be71a9a5bdd001db7cf97c47429eec0bdd3b7b88/tomcat-embed-el-8.5.34.jar:/Users/Alok/.gradle/caches/modules-2/files-2.1/javax.validation/validation-api/2.0.1.Final/cb855558e6271b1b32e716d24cb85c7f583ce09e/validation-api-2.0.1.Final.jar:/Users/Alok/.gradle/caches/modules-2/files-2.1/com.fasterxml.jackson.core/jackson-core/2.9.6/4e393793c37c77e042ccc7be5a914ae39251b365/jackson-core-2.9.6.jar:/Users/Alok/.gradle/caches/modules-2/files-2.1/org.springframework/spring-jcl/5.0.9.RELEASE/bc3b5aaae53f0bc03647e53ecbd98a05b47a4e90/spring-jcl-5.0.9.RELEASE.jar:/Users/Alok/.gradle/caches/modules-2/files-2.1/javax.activation/activation/1.1/e6cb541461c2834bdea3eb920f1884d1eb508b50/activation-1.1.jar:/Users/Alok/.gradle/caches/modules-2/files-2.1/net.minidev/json-smart/2.3/7396407491352ce4fa30de92efb158adb76b5b/json-smart-2.3.jar:/Users/Alok/.gradle/caches/modules-2/files-2.1/net.bytebuddy/byte-buddy/1.7.11/f02857a4e2c66ccbe7aaad6100a0a6c461bce9b3/byte-buddy-1.7.11.jar:/Users/Alok/.gradle/caches/modules-2/files-2.1/net.bytebuddy/byte-buddy-agent/1.7.11/b425a8933ca07edd03c6dbc8bc3b595fba9780de/byte-buddy-agent-1.7.11.jar:/Users/Alok/.gradle/caches/modules-2/files-2.1/org.objenesis/objenesis/2.6/639033469776fd37c08358c6b92a4761feb2af4b/objenesis-2.6.jar:/Users/Alok/.gradle/caches/modules-2/files-2.1/com.vaadin.external.google/android-json/0.0.20131108.vaadin1/fa26d351fe62a6a17f5cda1287c1c6110dec413f/android-json-0.0.20131108.vaadin1.jar:/Users/Alok/.gradle/caches/modules-2/files-2.1/org.atteo/evo-inflector/1.2.2/2551aad98d65ac5464d81fe05f0e1516cfe471c9/evo-inflector-1.2.2.jar:/Users/Alok/.gradle/caches/modules-2/files-2.1/net.minidev/accessors-smart/1.2/c592b500269bfde36096641b01238a8350f8aa31/accessors-smart-1.2.jar:/Users/Alok/.gradle/caches/modules-2/files-2.1/ch.qos.logback/logback-core/1.2.3/864344400c3d4d92dfeb0a305dc87d953677c03c/logback-core-1.2.3.jar:/Users/Alok/.gradle/caches/modules-2/files-2.1/org.apache.logging.log4j/log4j-api/2.10.0/fec5797a55b786184a537abd39c3fa1449d752d6/log4j-api-2.10.0.jar:/Users/Alok/.gradle/caches/modules-2/files-2.1/org.ow2.asm/asm/5.0.4/da08b8cce7bbf903602a25a3a163ae252435795/asm-5.0.4.jar, user.name=Alok, java.vm.specification.version=1.8, sun.java.command=worker.org.gradle.process.internal.worker.GradleWorkerMain 'Gradle Test Executor 2', java.home=/Library/Java/JavaVirtualMachines/jdk1.8.0_31.jdk/Contents/Home/jre, sun.arch.data.model=64, user.language=en, java.specification.vendor=Oracle Corporation, awt.toolkit=sun.lwawt.macosx.LWCToolkit, java.vm.info=mixed mode, java.version=1.8.0_31, java.ext.dirs=/Users/Alok/Library/Java/Extensions:/Library/Java/JavaVirtualMachines/jdk1.8.0_31.jdk/Contents/Home/jre/lib/ext:/Library/Java/Extensions:/Network/Library/Java/Extensions:/System/Library/Java/Extensions:/usr/lib/java, sun.boot.class.path=/Library/Java/JavaVirtualMachines/jdk1.8.0_31.jdk/Contents/Home/jre/lib/resources.jar:/Library/Java/JavaVirtualMachines/jdk1.8.0_31.jdk/Contents/Home/jre/lib/rt.jar:/Library/Java/JavaVirtualMachines/jdk1.8.0_31.jdk/Contents/Home/jre/lib/sunrsasign.jar:/Library/Java/JavaVirtualMachines/jdk1.8.0_31.jdk/Contents/Home/jre/lib/jsse.jar:/Library/Java/JavaVirtualMachines/jdk1.8.0_31.jdk/Contents/Home/jre/lib/jce.jar:/Library/Java/JavaVirtualMachines/jdk1.8.0_31.jdk/Contents/Home/jre/lib/charsets.jar:/Library/Java/JavaVirtualMachines/jdk1.8.0_31.jdk/Contents/Home/jre/lib/jfr.jar:/Library/Java/JavaVirtualMachines/jdk1.8.0_31.jdk/Contents/Home/jre/classes, java.vendor=Oracle Corporation, org.gradle.test.worker=2, file.separator=/, java.vendor.url.bug=http://bugreport.sun.com/bugreport/, sun.io.unicode.encoding=UnicodeBig, sun.cpu.endian=little, socksNonProxyHosts=local|*.local|169.254/16|*.169.254/16, ftp.nonProxyHosts=local|*.local|169.254/16|*.169.254/16, sun.cpu.isalist=}}, SystemEnvironmentPropertySource@849106478 {name='systemEnvironment', properties={PATH=/usr/local/opt/icu4c/bin:/usr/local/bin:/usr/bin:/bin:/usr/sbin:/sbin, SHELL=/bin/bash, JAVA_HOME=/Library/Java/JavaVirtualMachines/jdk1.8.0_31.jdk/Contents/Home, JAVA_MAIN_CLASS_9275=org.gradle.launcher.GradleMain, SECURITYSESSIONID=186a8, OLDPWD=/usr/local/Cellar/gradle/4.7/libexec, TERM=xterm-256color, USER=Alok, JAVA_MAIN_CLASS_9293=worker.org.gradle.process.internal.worker.GradleWorkerMain, COMMAND_MODE=unix2003, TMPDIR=/var/folders/9z/n2592mjj2d554z_4d0fh700c0000gn/T/, APP_ICON_9275=/usr/local/Cellar/gradle/4.7/libexec/media/gradle.icns, SSH_AUTH_SOCK=/private/tmp/com.apple.launchd.vbTzdvewAa/Listeners, XPC_FLAGS=0x0, APP_NAME_9275=Gradle, __CF_USER_TEXT_ENCODING=0x1F5:0x0:0x0, Apple_PubSub_Socket_Render=/private/tmp/com.apple.launchd.NhSdWoVDs1/Render, LOGNAME=Alok, LC_CTYPE=en_US.UTF-8, XPC_SERVICE_NAME=0, PWD=/Users/Alok/Desktop/My-Project/elements-distribution, HOME=/Users/Alok, SHLVL=1}}]
11:00:14.962 [Test worker] DEBUG org.springframework.core.io.support.PathMatchingResourcePatternResolver - Resolved classpath location [com/elements/elementdistributions/] to resources [URL [file:/Users/Alok/Desktop/My-Project/elements-distribution/server/build/classes/java/test/com/elements/elementdistributions/], URL [file:/Users/Alok/Desktop/My-Project/elements-distribution/server/build/classes/java/main/com/elements/elementdistributions/]]
11:00:14.962 [Test worker] DEBUG org.springframework.core.io.support.PathMatchingResourcePatternResolver - Looking for matching resources in directory tree [/Users/Alok/Desktop/My-Project/elements-distribution/server/build/classes/java/test/com/elements/elementdistributions]
11:00:14.963 [Test worker] DEBUG org.springframework.core.io.support.PathMatchingResourcePatternResolver - Searching directory [/Users/Alok/Desktop/My-Project/elements-distribution/server/build/classes/java/test/com/elements/elementdistributions] for files matching pattern [/Users/Alok/Desktop/My-Project/elements-distribution/server/build/classes/java/test/com/elements/elementdistributions/*.class]
11:00:14.965 [Test worker] DEBUG org.springframework.core.io.support.PathMatchingResourcePatternResolver - Looking for matching resources in directory tree [/Users/Alok/Desktop/My-Project/elements-distribution/server/build/classes/java/main/com/elements/elementdistributions]
11:00:14.966 [Test worker] DEBUG org.springframework.core.io.support.PathMatchingResourcePatternResolver - Searching directory [/Users/Alok/Desktop/My-Project/elements-distribution/server/build/classes/java/main/com/elements/elementdistributions] for files matching pattern [/Users/Alok/Desktop/My-Project/elements-distribution/server/build/classes/java/main/com/elements/elementdistributions/*.class]
11:00:14.967 [Test worker] DEBUG org.springframework.core.io.support.PathMatchingResourcePatternResolver - Resolved location pattern [classpath*:com/elements/elementdistributions/*.class] to resources [file [/Users/Alok/Desktop/My-Project/elements-distribution/server/build/classes/java/test/com/elements/elementdistributions/ElementDistributionsApplicationTests.class], file [/Users/Alok/Desktop/My-Project/elements-distribution/server/build/classes/java/main/com/elements/elementdistributions/ElementDistributionsApplication.class]]
11:00:15.012 [Test worker] DEBUG org.springframework.context.annotation.ClassPathScanningCandidateComponentProvider - Identified candidate component class: file [/Users/Alok/Desktop/My-Project/elements-distribution/server/build/classes/java/main/com/elements/elementdistributions/ElementDistributionsApplication.class]
11:00:15.013 [Test worker] INFO org.springframework.boot.test.context.SpringBootTestContextBootstrapper - Found @SpringBootConfiguration com.elements.elementdistributions.ElementDistributionsApplication for test class com.elements.elementdistributions.ElementDistributionsApplicationTests
11:00:15.139 [Test worker] DEBUG org.springframework.boot.test.context.SpringBootTestContextBootstrapper - @TestExecutionListeners is not present for class [com.elements.elementdistributions.ElementDistributionsApplicationTests]: using defaults.
11:00:15.140 [Test worker] INFO org.springframework.boot.test.context.SpringBootTestContextBootstrapper - Loaded default TestExecutionListener class names from location [META-INF/spring.factories]: [org.springframework.boot.test.autoconfigure.restdocs.RestDocsTestExecutionListener, org.springframework.boot.test.autoconfigure.web.client.MockRestServiceServerResetTestExecutionListener, org.springframework.boot.test.autoconfigure.web.servlet.MockMvcPrintOnlyOnFailureTestExecutionListener, org.springframework.boot.test.autoconfigure.web.servlet.WebDriverTestExecutionListener, org.springframework.boot.test.mock.mockito.MockitoTestExecutionListener, org.springframework.boot.test.mock.mockito.ResetMocksTestExecutionListener, org.springframework.test.context.web.ServletTestExecutionListener, org.springframework.test.context.support.DirtiesContextBeforeModesTestExecutionListener, org.springframework.test.context.support.DependencyInjectionTestExecutionListener, org.springframework.test.context.support.DirtiesContextTestExecutionListener, org.springframework.test.context.transaction.TransactionalTestExecutionListener, org.springframework.test.context.jdbc.SqlScriptsTestExecutionListener]
11:00:15.164 [Test worker] INFO org.springframework.boot.test.context.SpringBootTestContextBootstrapper - Using TestExecutionListeners: [org.springframework.test.context.web.ServletTestExecutionListener@49c07189, org.springframework.test.context.support.DirtiesContextBeforeModesTestExecutionListener@63b9638c, org.springframework.boot.test.mock.mockito.MockitoTestExecutionListener@29849be7, org.springframework.boot.test.autoconfigure.SpringBootDependencyInjectionTestExecutionListener@341c80ab, org.springframework.test.context.support.DirtiesContextTestExecutionListener@7e9af398, org.springframework.test.context.transaction.TransactionalTestExecutionListener@56974ac4, org.springframework.test.context.jdbc.SqlScriptsTestExecutionListener@5b41b852, org.springframework.boot.test.autoconfigure.restdocs.RestDocsTestExecutionListener@b886249, org.springframework.boot.test.autoconfigure.web.client.MockRestServiceServerResetTestExecutionListener@22a75693, org.springframework.boot.test.autoconfigure.web.servlet.MockMvcPrintOnlyOnFailureTestExecutionListener@4e8af969, org.springframework.boot.test.autoconfigure.web.servlet.WebDriverTestExecutionListener@18df4bc2, org.springframework.boot.test.mock.mockito.ResetMocksTestExecutionListener@500df8ba]
11:00:15.168 [Test worker] DEBUG org.springframework.test.annotation.ProfileValueUtils - Retrieved @ProfileValueSourceConfiguration [null] for test class [com.elements.elementdistributions.ElementDistributionsApplicationTests]
11:00:15.169 [Test worker] DEBUG org.springframework.test.annotation.ProfileValueUtils - Retrieved ProfileValueSource type [class org.springframework.test.annotation.SystemProfileValueSource] for class [com.elements.elementdistributions.ElementDistributionsApplicationTests]
11:00:15.170 [Test worker] DEBUG org.springframework.test.annotation.ProfileValueUtils - Retrieved @ProfileValueSourceConfiguration [null] for test class [com.elements.elementdistributions.ElementDistributionsApplicationTests]
11:00:15.170 [Test worker] DEBUG org.springframework.test.annotation.ProfileValueUtils - Retrieved ProfileValueSource type [class org.springframework.test.annotation.SystemProfileValueSource] for class [com.elements.elementdistributions.ElementDistributionsApplicationTests]
11:00:15.175 [Test worker] DEBUG org.springframework.test.context.support.AbstractDirtiesContextTestExecutionListener - Before test class: context [DefaultTestContext@4436d494 testClass = ElementDistributionsApplicationTests, testInstance = [null], testMethod = [null], testException = [null], mergedContextConfiguration = [WebMergedContextConfiguration@1d583666 testClass = ElementDistributionsApplicationTests, locations = '{}', classes = '{class com.elements.elementdistributions.ElementDistributionsApplication}', contextInitializerClasses = '[]', activeProfiles = '{}', propertySourceLocations = '{}', propertySourceProperties = '{org.springframework.boot.test.context.SpringBootTestContextBootstrapper=true}', contextCustomizers = set[org.springframework.boot.test.autoconfigure.properties.PropertyMappingContextCustomizer@0, org.springframework.boot.test.autoconfigure.web.servlet.WebDriverContextCustomizerFactory$Customizer@4373c333, org.springframework.boot.test.context.filter.ExcludeFilterContextCustomizer@2847a0ce, org.springframework.boot.test.json.DuplicateJsonObjectContextCustomizerFactory$DuplicateJsonObjectContextCustomizer@6c8a421, org.springframework.boot.test.mock.mockito.MockitoContextCustomizer@0, org.springframework.boot.test.web.client.TestRestTemplateContextCustomizer@3791b3f6], resourceBasePath = 'src/main/webapp', contextLoader = 'org.springframework.boot.test.context.SpringBootContextLoader', parent = [null]], attributes = map['org.springframework.test.context.web.ServletTestExecutionListener.activateListener' -> true]], class annotated with @DirtiesContext [false] with mode [null].
11:00:15.176 [Test worker] DEBUG org.springframework.test.annotation.ProfileValueUtils - Retrieved @ProfileValueSourceConfiguration [null] for test class [com.elements.elementdistributions.ElementDistributionsApplicationTests]
11:00:15.177 [Test worker] DEBUG org.springframework.test.annotation.ProfileValueUtils - Retrieved ProfileValueSource type [class org.springframework.test.annotation.SystemProfileValueSource] for class [com.elements.elementdistributions.ElementDistributionsApplicationTests]
11:00:15.201 [Test worker] DEBUG org.springframework.core.env.StandardEnvironment - Adding PropertySource 'systemProperties' with lowest search precedence
11:00:15.202 [Test worker] DEBUG org.springframework.core.env.StandardEnvironment - Adding PropertySource 'systemEnvironment' with lowest search precedence
11:00:15.202 [Test worker] DEBUG org.springframework.core.env.StandardEnvironment - Initialized StandardEnvironment with PropertySources [MapPropertySource@550932294 {name='systemProperties', properties={java.runtime.name=Java(TM) SE Runtime Environment, sun.boot.library.path=/Library/Java/JavaVirtualMachines/jdk1.8.0_31.jdk/Contents/Home/jre/lib, java.vm.version=25.31-b07, gopherProxySet=false, java.vm.vendor=Oracle Corporation, java.vendor.url=http://java.oracle.com/, path.separator=:, java.vm.name=Java HotSpot(TM) 64-Bit Server VM, file.encoding.pkg=sun.io, sun.java.launcher=SUN_STANDARD, user.country=US, sun.os.patch.level=unknown, java.vm.specification.name=Java Virtual Machine Specification, user.dir=/Users/Alok/Desktop/My-Project/elements-distribution/server, java.runtime.version=1.8.0_31-b13, java.awt.graphicsenv=sun.awt.CGraphicsEnvironment, java.endorsed.dirs=/Library/Java/JavaVirtualMachines/jdk1.8.0_31.jdk/Contents/Home/jre/lib/endorsed, os.arch=x86_64, java.io.tmpdir=/var/folders/9z/n2592mjj2d554z_4d0fh700c0000gn/T/, line.separator=
, java.vm.specification.vendor=Oracle Corporation, user.variant=, os.name=Mac OS X, sun.jnu.encoding=UTF-8, java.library.path=/Users/Alok/Library/Java/Extensions:/Library/Java/Extensions:/Network/Library/Java/Extensions:/System/Library/Java/Extensions:/usr/lib/java:., java.specification.name=Java Platform API Specification, java.class.version=52.0, org.gradle.native=false, sun.management.compiler=HotSpot 64-Bit Tiered Compilers, os.version=10.13.2, http.nonProxyHosts=local|*.local|169.254/16|*.169.254/16, user.home=/Users/Alok, user.timezone=America/New_York, java.awt.printerjob=sun.lwawt.macosx.CPrinterJob, file.encoding=UTF-8, java.specification.version=1.8, java.class.path=/Users/Alok/Desktop/My-Project/elements-distribution/server/build/classes/java/test:/Users/Alok/Desktop/My-Project/elements-distribution/server/build/resources/test:/Users/Alok/Desktop/My-Project/elements-distribution/server/build/classes/java/main:/Users/Alok/Desktop/My-Project/elements-distribution/server/build/resources/main:/Users/Alok/.gradle/caches/modules-2/files-2.1/org.springframework.boot/spring-boot-starter-data-jpa/2.0.5.RELEASE/c99b58e8ada11478aa5d0c3065745b7e887f094e/spring-boot-starter-data-jpa-2.0.5.RELEASE.jar:/Users/Alok/.gradle/caches/modules-2/files-2.1/org.springframework.boot/spring-boot-starter-data-rest/2.0.5.RELEASE/4a385188db1fd47999ee30837780f2c1f63e55ae/spring-boot-starter-data-rest-2.0.5.RELEASE.jar:/Users/Alok/.gradle/caches/modules-2/files-2.1/org.springframework.boot/spring-boot-starter-web/2.0.5.RELEASE/52daa1f1509bd637a737206e54c06a17aabb9504/spring-boot-starter-web-2.0.5.RELEASE.jar:/Users/Alok/.gradle/caches/modules-2/files-2.1/org.springframework.boot/spring-boot-starter-security/2.0.5.RELEASE/5a53ddfd9ebd108f914f390981d992bacabf29d3/spring-boot-starter-security-2.0.5.RELEASE.jar:/Users/Alok/.gradle/caches/modules-2/files-2.1/io.jsonwebtoken/jjwt/0.9.0/64e3ed8a5f0bc93ecea592a0b3280f995efbdfe9/jjwt-0.9.0.jar:/Users/Alok/.gradle/caches/modules-2/files-2.1/org.springframework.boot/spring-boot-starter-mail/1.2.0.RELEASE/4f06890a34955556b428d6f42695fcd117ea27f/spring-boot-starter-mail-1.2.0.RELEASE.jar:/Users/Alok/.gradle/caches/modules-2/files-2.1/mysql/mysql-connector-java/5.1.47/9de4159aaf2d08817a276610b8114a825fca6cfd/mysql-connector-java-5.1.47.jar:/Users/Alok/.gradle/caches/modules-2/files-2.1/org.springframework.boot/spring-boot-starter-test/2.0.5.RELEASE/ab04ca2e76f6a8e786001352a81a10e4b0e7fbc8/spring-boot-starter-test-2.0.5.RELEASE.jar:/Users/Alok/.gradle/caches/modules-2/files-2.1/org.springframework.boot/spring-boot-starter-aop/2.0.5.RELEASE/6bc1e8bcc849772d48cae1e8278cd2b471361698/spring-boot-starter-aop-2.0.5.RELEASE.jar:/Users/Alok/.gradle/caches/modules-2/files-2.1/org.springframework.boot/spring-boot-starter-jdbc/2.0.5.RELEASE/9a5370acc7c5e17f4a00578211fbbd212b9a8329/spring-boot-starter-jdbc-2.0.5.RELEASE.jar:/Users/Alok/.gradle/caches/modules-2/files-2.1/org.springframework.boot/spring-boot-starter-json/2.0.5.RELEASE/d0052ded4733ceb1fb7d927238f22f9a92099227/spring-boot-starter-json-2.0.5.RELEASE.jar:/Users/Alok/.gradle/caches/modules-2/files-2.1/org.springframework.boot/spring-boot-starter/2.0.5.RELEASE/1f53487a373be18d064a5815e9bac9882ef15cdc/spring-boot-starter-2.0.5.RELEASE.jar:/Users/Alok/.gradle/caches/modules-2/files-2.1/javax.transaction/javax.transaction-api/1.2/d81aff979d603edd90dcd8db2abc1f4ce6479e3e/javax.transaction-api-1.2.jar:/Users/Alok/.gradle/caches/modules-2/files-2.1/org.hibernate/hibernate-core/5.2.17.Final/f2dc36470e7a2ffcf6106bb1625ecf5b54bb5f65/hibernate-core-5.2.17.Final.jar:/Users/Alok/.gradle/caches/modules-2/files-2.1/org.springframework.data/spring-data-jpa/2.0.10.RELEASE/a6e644c363d050c6c90f078f4f0ac66892f60d54/spring-data-jpa-2.0.10.RELEASE.jar:/Users/Alok/.gradle/caches/modules-2/files-2.1/org.springframework/spring-aspects/5.0.9.RELEASE/dfb2da4c573391d8e8a482f08bdf4d38398e2bb0/spring-aspects-5.0.9.RELEASE.jar:/Users/Alok/.gradle/caches/modules-2/files-2.1/org.springframework.data/spring-data-rest-webmvc/3.0.10.RELEASE/4b98794e529af235bd81a8eec59ae4095a28ab59/spring-data-rest-webmvc-3.0.10.RELEASE.jar:/Users/Alok/.gradle/caches/modules-2/files-2.1/org.springframework.boot/spring-boot-starter-tomcat/2.0.5.RELEASE/eaac8a5d73b45400bc88cd7f6b5c99b5f0d5e9b7/spring-boot-starter-tomcat-2.0.5.RELEASE.jar:/Users/Alok/.gradle/caches/modules-2/files-2.1/org.hibernate.validator/hibernate-validator/6.0.12.Final/478003e61b056c1f97840ba3e62ff31cdc89597/hibernate-validator-6.0.12.Final.jar:/Users/Alok/.gradle/caches/modules-2/files-2.1/org.springframework.data/spring-data-rest-core/3.0.10.RELEASE/9a04ce65dd41c3ef9c858cd216d0317911954772/spring-data-rest-core-3.0.10.RELEASE.jar:/Users/Alok/.gradle/caches/modules-2/files-2.1/org.springframework.hateoas/spring-hateoas/0.25.0.RELEASE/22d1abd575426709734ab83e7d81d6deb4addbf6/spring-hateoas-0.25.0.RELEASE.jar:/Users/Alok/.gradle/caches/modules-2/files-2.1/org.springframework/spring-webmvc/5.0.9.RELEASE/c18346caaeb8dc648c4cc01874996fd9fef76664/spring-webmvc-5.0.9.RELEASE.jar:/Users/Alok/.gradle/caches/modules-2/files-2.1/org.springframework.security/spring-security-web/5.0.8.RELEASE/87b45329699c294ccd6df2507a1f703eca89e381/spring-security-web-5.0.8.RELEASE.jar:/Users/Alok/.gradle/caches/modules-2/files-2.1/org.springframework/spring-web/5.0.9.RELEASE/1ea3aab93340849313fa74ec626ddaf1fff9ed8e/spring-web-5.0.9.RELEASE.jar:/Users/Alok/.gradle/caches/modules-2/files-2.1/org.springframework.security/spring-security-config/5.0.8.RELEASE/83a070861ad63c0dd5660d4529b9c37a3c9e3c50/spring-security-config-5.0.8.RELEASE.jar:/Users/Alok/.gradle/caches/modules-2/files-2.1/org.springframework.security/spring-security-core/5.0.8.RELEASE/32a39026edcb6b7cd4567df2c75bd561d876f515/spring-security-core-5.0.8.RELEASE.jar:/Users/Alok/.gradle/caches/modules-2/files-2.1/org.springframework/spring-context-support/5.0.9.RELEASE/70513a5860ced0660834bc590b435fc7b73902ea/spring-context-support-5.0.9.RELEASE.jar:/Users/Alok/.gradle/caches/modules-2/files-2.1/org.springframework.boot/spring-boot-test-autoconfigure/2.0.5.RELEASE/54d5e8f9e88c6236fe164474f0aed5a8a1052c43/spring-boot-test-autoconfigure-2.0.5.RELEASE.jar:/Users/Alok/.gradle/caches/modules-2/files-2.1/org.springframework.boot/spring-boot-test/2.0.5.RELEASE/ce6353f33217982357a6bdba6576015ea333304c/spring-boot-test-2.0.5.RELEASE.jar:/Users/Alok/.gradle/caches/modules-2/files-2.1/org.springframework.boot/spring-boot-autoconfigure/2.0.5.RELEASE/e5588642799e0c0c04638e255c3d3f31ba400ff4/spring-boot-autoconfigure-2.0.5.RELEASE.jar:/Users/Alok/.gradle/caches/modules-2/files-2.1/org.springframework.boot/spring-boot/2.0.5.RELEASE/19a4624cbd89a318d10c79f289c6c816043850fb/spring-boot-2.0.5.RELEASE.jar:/Users/Alok/.gradle/caches/modules-2/files-2.1/org.springframework.plugin/spring-plugin-core/1.2.0.RELEASE/f380e7760032e7d929184f8ad8a33716b75c0657/spring-plugin-core-1.2.0.RELEASE.jar:/Users/Alok/.gradle/caches/modules-2/files-2.1/org.springframework/spring-context/5.0.9.RELEASE/2501e55acb6c2e84667cda3f845d1d00a0dc4e05/spring-context-5.0.9.RELEASE.jar:/Users/Alok/.gradle/caches/modules-2/files-2.1/org.springframework/spring-aop/5.0.9.RELEASE/98003b099697fe46b6bdf18c7e3f66d7a1381060/spring-aop-5.0.9.RELEASE.jar:/Users/Alok/.gradle/caches/modules-2/files-2.1/com.fasterxml.jackson.datatype/jackson-datatype-jdk8/2.9.6/456895fc91bf7180b216fead220373e6278230c9/jackson-datatype-jdk8-2.9.6.jar:/Users/Alok/.gradle/caches/modules-2/files-2.1/com.fasterxml.jackson.datatype/jackson-datatype-jsr310/2.9.6/ea54f6193d224e5e5732bbd4262327eb465397c2/jackson-datatype-jsr310-2.9.6.jar:/Users/Alok/.gradle/caches/modules-2/files-2.1/com.fasterxml.jackson.module/jackson-module-parameter-names/2.9.6/129acd77a4b6ee30d62d3a0899b1344c8ec2bff8/jackson-module-parameter-names-2.9.6.jar:/Users/Alok/.gradle/caches/modules-2/files-2.1/com.fasterxml.jackson.core/jackson-databind/2.9.6/cfa4f316351a91bfd95cb0644c6a2c95f52db1fc/jackson-databind-2.9.6.jar:/Users/Alok/.gradle/caches/modules-2/files-2.1/org.springframework/spring-test/5.0.9.RELEASE/218c8648f898453be92d550252e0ce2a84b54375/spring-test-5.0.9.RELEASE.jar:/Users/Alok/.gradle/caches/modules-2/files-2.1/org.springframework/spring-orm/5.0.9.RELEASE/bb9265effd7c903f4cc1c98d16b4188b7827a1cc/spring-orm-5.0.9.RELEASE.jar:/Users/Alok/.gradle/caches/modules-2/files-2.1/org.springframework/spring-jdbc/5.0.9.RELEASE/2f38726ef2f5ecb72af7e915dac43177b01a8f53/spring-jdbc-5.0.9.RELEASE.jar:/Users/Alok/.gradle/caches/modules-2/files-2.1/org.springframework/spring-tx/5.0.9.RELEASE/d3a13fc3c56bdddd8144a686ed64f0cdb3ad7305/spring-tx-5.0.9.RELEASE.jar:/Users/Alok/.gradle/caches/modules-2/files-2.1/org.springframework.data/spring-data-commons/2.0.10.RELEASE/64d4e58a2b16b9446d51a2650058d821a5bce98d/spring-data-commons-2.0.10.RELEASE.jar:/Users/Alok/.gradle/caches/modules-2/files-2.1/org.springframework/spring-beans/5.0.9.RELEASE/65f56fdab1bb90ad059e314d2f2f4cf76f9bdbde/spring-beans-5.0.9.RELEASE.jar:/Users/Alok/.gradle/caches/modules-2/files-2.1/org.springframework/spring-expression/5.0.9.RELEASE/1f9db5ff3a758102c0434cc3457aa47c50c39a4a/spring-expression-5.0.9.RELEASE.jar:/Users/Alok/.gradle/caches/modules-2/files-2.1/org.springframework/spring-core/5.0.9.RELEASE/9f9a828936d81afd49a603bda9cc1aed863a0d85/spring-core-5.0.9.RELEASE.jar:/Users/Alok/.gradle/caches/modules-2/files-2.1/com.sun.mail/javax.mail/1.6.2/935151eb71beff17a2ffac15dd80184a99a0514f/javax.mail-1.6.2.jar:/Users/Alok/.gradle/caches/modules-2/files-2.1/com.jayway.jsonpath/json-path/2.4.0/765a4401ceb2dc8d40553c2075eb80a8fa35c2ae/json-path-2.4.0.jar:/Users/Alok/.gradle/caches/modules-2/files-2.1/junit/junit/4.12/2973d150c0dc1fefe998f834810d68f278ea58ec/junit-4.12.jar:/Users/Alok/.gradle/caches/modules-2/files-2.1/org.assertj/assertj-core/3.9.1/c5ce126b15f28d56cd8f960c1a6a058b9c9aea87/assertj-core-3.9.1.jar:/Users/Alok/.gradle/caches/modules-2/files-2.1/org.mockito/mockito-core/2.15.0/b84bfbbc29cd22c9529409627af6ea2897f4fa85/mockito-core-2.15.0.jar:/Users/Alok/.gradle/caches/modules-2/files-2.1/org.hamcrest/hamcrest-library/1.3/4785a3c21320980282f9f33d0d1264a69040538f/hamcrest-library-1.3.jar:/Users/Alok/.gradle/caches/modules-2/files-2.1/org.hamcrest/hamcrest-core/1.3/42a25dc3219429f0e5d060061f71acb49bf010a0/hamcrest-core-1.3.jar:/Users/Alok/.gradle/caches/modules-2/files-2.1/org.skyscreamer/jsonassert/1.5.0/6c9d5fe2f59da598d9aefc1cfc6528ff3cf32df3/jsonassert-1.5.0.jar:/Users/Alok/.gradle/caches/modules-2/files-2.1/org.xmlunit/xmlunit-core/2.5.1/4ffdb346572a7356f7521cd3119ce5287d2e339d/xmlunit-core-2.5.1.jar:/Users/Alok/.gradle/caches/modules-2/files-2.1/org.springframework.boot/spring-boot-starter-logging/2.0.5.RELEASE/c353e0b9591d0765c687ff0a678478cbebfd5c23/spring-boot-starter-logging-2.0.5.RELEASE.jar:/Users/Alok/.gradle/caches/modules-2/files-2.1/javax.annotation/javax.annotation-api/1.3.2/934c04d3cfef185a8008e7bf34331b79730a9d43/javax.annotation-api-1.3.2.jar:/Users/Alok/.gradle/caches/modules-2/files-2.1/org.yaml/snakeyaml/1.19/2d998d3d674b172a588e54ab619854d073f555b5/snakeyaml-1.19.jar:/Users/Alok/.gradle/caches/modules-2/files-2.1/org.aspectj/aspectjweaver/1.8.13/ad94df2a28d658a40dc27bbaff6a1ce5fbf04e9b/aspectjweaver-1.8.13.jar:/Users/Alok/.gradle/caches/modules-2/files-2.1/com.zaxxer/HikariCP/2.7.9/a83113d2c091d0d0f853dad3217bd7df3beb6ae3/HikariCP-2.7.9.jar:/Users/Alok/.gradle/caches/modules-2/files-2.1/org.hibernate.common/hibernate-commons-annotations/5.0.1.Final/71e1cff3fcb20d3b3af4f3363c3ddb24d33c6879/hibernate-commons-annotations-5.0.1.Final.jar:/Users/Alok/.gradle/caches/modules-2/files-2.1/org.jboss.logging/jboss-logging/3.3.2.Final/3789d00e859632e6c6206adc0c71625559e6e3b0/jboss-logging-3.3.2.Final.jar:/Users/Alok/.gradle/caches/modules-2/files-2.1/org.hibernate.javax.persistence/hibernate-jpa-2.1-api/1.0.2.Final/52afb5762c704a6b586e27742470c08f91877fc1/hibernate-jpa-2.1-api-1.0.2.Final.jar:/Users/Alok/.gradle/caches/modules-2/files-2.1/org.javassist/javassist/3.22.0-GA/3e83394258ae2089be7219b971ec21a8288528ad/javassist-3.22.0-GA.jar:/Users/Alok/.gradle/caches/modules-2/files-2.1/antlr/antlr/2.7.7/83cd2cd674a217ade95a4bb83a8a14f351f48bd0/antlr-2.7.7.jar:/Users/Alok/.gradle/caches/modules-2/files-2.1/org.jboss/jandex/2.0.3.Final/bfc4d6257dbff7a33a357f0de116be6ff951d849/jandex-2.0.3.Final.jar:/Users/Alok/.gradle/caches/modules-2/files-2.1/com.fasterxml/classmate/1.3.4/3d5f48f10bbe4eb7bd862f10c0583be2e0053c6/classmate-1.3.4.jar:/Users/Alok/.gradle/caches/modules-2/files-2.1/dom4j/dom4j/1.6.1/5d3ccc056b6f056dbf0dddfdf43894b9065a8f94/dom4j-1.6.1.jar:/Users/Alok/.gradle/caches/modules-2/files-2.1/ch.qos.logback/logback-classic/1.2.3/7c4f3c474fb2c041d8028740440937705ebb473a/logback-classic-1.2.3.jar:/Users/Alok/.gradle/caches/modules-2/files-2.1/org.apache.logging.log4j/log4j-to-slf4j/2.10.0/f7e631ccf49cfc0aefa4a2a728da7d374c05bd3c/log4j-to-slf4j-2.10.0.jar:/Users/Alok/.gradle/caches/modules-2/files-2.1/org.slf4j/jul-to-slf4j/1.7.25/af5364cd6679bfffb114f0dec8a157aaa283b76/jul-to-slf4j-1.7.25.jar:/Users/Alok/.gradle/caches/modules-2/files-2.1/org.slf4j/slf4j-api/1.7.25/da76ca59f6a57ee3102f8f9bd9cee742973efa8a/slf4j-api-1.7.25.jar:/Users/Alok/.gradle/caches/modules-2/files-2.1/com.fasterxml.jackson.core/jackson-annotations/2.9.0/7c10d545325e3a6e72e06381afe469fd40eb701/jackson-annotations-2.9.0.jar:/Users/Alok/.gradle/caches/modules-2/files-2.1/org.apache.tomcat.embed/tomcat-embed-websocket/8.5.34/5f86906367c2540b21e6aeecc277d2ce9ec939b0/tomcat-embed-websocket-8.5.34.jar:/Users/Alok/.gradle/caches/modules-2/files-2.1/org.apache.tomcat.embed/tomcat-embed-core/8.5.34/a038040d68a90397f95dd1e11b979fe364a5000f/tomcat-embed-core-8.5.34.jar:/Users/Alok/.gradle/caches/modules-2/files-2.1/org.apache.tomcat.embed/tomcat-embed-el/8.5.34/be71a9a5bdd001db7cf97c47429eec0bdd3b7b88/tomcat-embed-el-8.5.34.jar:/Users/Alok/.gradle/caches/modules-2/files-2.1/javax.validation/validation-api/2.0.1.Final/cb855558e6271b1b32e716d24cb85c7f583ce09e/validation-api-2.0.1.Final.jar:/Users/Alok/.gradle/caches/modules-2/files-2.1/com.fasterxml.jackson.core/jackson-core/2.9.6/4e393793c37c77e042ccc7be5a914ae39251b365/jackson-core-2.9.6.jar:/Users/Alok/.gradle/caches/modules-2/files-2.1/org.springframework/spring-jcl/5.0.9.RELEASE/bc3b5aaae53f0bc03647e53ecbd98a05b47a4e90/spring-jcl-5.0.9.RELEASE.jar:/Users/Alok/.gradle/caches/modules-2/files-2.1/javax.activation/activation/1.1/e6cb541461c2834bdea3eb920f1884d1eb508b50/activation-1.1.jar:/Users/Alok/.gradle/caches/modules-2/files-2.1/net.minidev/json-smart/2.3/7396407491352ce4fa30de92efb158adb76b5b/json-smart-2.3.jar:/Users/Alok/.gradle/caches/modules-2/files-2.1/net.bytebuddy/byte-buddy/1.7.11/f02857a4e2c66ccbe7aaad6100a0a6c461bce9b3/byte-buddy-1.7.11.jar:/Users/Alok/.gradle/caches/modules-2/files-2.1/net.bytebuddy/byte-buddy-agent/1.7.11/b425a8933ca07edd03c6dbc8bc3b595fba9780de/byte-buddy-agent-1.7.11.jar:/Users/Alok/.gradle/caches/modules-2/files-2.1/org.objenesis/objenesis/2.6/639033469776fd37c08358c6b92a4761feb2af4b/objenesis-2.6.jar:/Users/Alok/.gradle/caches/modules-2/files-2.1/com.vaadin.external.google/android-json/0.0.20131108.vaadin1/fa26d351fe62a6a17f5cda1287c1c6110dec413f/android-json-0.0.20131108.vaadin1.jar:/Users/Alok/.gradle/caches/modules-2/files-2.1/org.atteo/evo-inflector/1.2.2/2551aad98d65ac5464d81fe05f0e1516cfe471c9/evo-inflector-1.2.2.jar:/Users/Alok/.gradle/caches/modules-2/files-2.1/net.minidev/accessors-smart/1.2/c592b500269bfde36096641b01238a8350f8aa31/accessors-smart-1.2.jar:/Users/Alok/.gradle/caches/modules-2/files-2.1/ch.qos.logback/logback-core/1.2.3/864344400c3d4d92dfeb0a305dc87d953677c03c/logback-core-1.2.3.jar:/Users/Alok/.gradle/caches/modules-2/files-2.1/org.apache.logging.log4j/log4j-api/2.10.0/fec5797a55b786184a537abd39c3fa1449d752d6/log4j-api-2.10.0.jar:/Users/Alok/.gradle/caches/modules-2/files-2.1/org.ow2.asm/asm/5.0.4/da08b8cce7bbf903602a25a3a163ae252435795/asm-5.0.4.jar, user.name=Alok, java.vm.specification.version=1.8, sun.java.command=worker.org.gradle.process.internal.worker.GradleWorkerMain 'Gradle Test Executor 2', java.home=/Library/Java/JavaVirtualMachines/jdk1.8.0_31.jdk/Contents/Home/jre, sun.arch.data.model=64, user.language=en, java.specification.vendor=Oracle Corporation, awt.toolkit=sun.lwawt.macosx.LWCToolkit, java.vm.info=mixed mode, java.version=1.8.0_31, java.ext.dirs=/Users/Alok/Library/Java/Extensions:/Library/Java/JavaVirtualMachines/jdk1.8.0_31.jdk/Contents/Home/jre/lib/ext:/Library/Java/Extensions:/Network/Library/Java/Extensions:/System/Library/Java/Extensions:/usr/lib/java, sun.boot.class.path=/Library/Java/JavaVirtualMachines/jdk1.8.0_31.jdk/Contents/Home/jre/lib/resources.jar:/Library/Java/JavaVirtualMachines/jdk1.8.0_31.jdk/Contents/Home/jre/lib/rt.jar:/Library/Java/JavaVirtualMachines/jdk1.8.0_31.jdk/Contents/Home/jre/lib/sunrsasign.jar:/Library/Java/JavaVirtualMachines/jdk1.8.0_31.jdk/Contents/Home/jre/lib/jsse.jar:/Library/Java/JavaVirtualMachines/jdk1.8.0_31.jdk/Contents/Home/jre/lib/jce.jar:/Library/Java/JavaVirtualMachines/jdk1.8.0_31.jdk/Contents/Home/jre/lib/charsets.jar:/Library/Java/JavaVirtualMachines/jdk1.8.0_31.jdk/Contents/Home/jre/lib/jfr.jar:/Library/Java/JavaVirtualMachines/jdk1.8.0_31.jdk/Contents/Home/jre/classes, java.vendor=Oracle Corporation, org.gradle.test.worker=2, file.separator=/, java.vendor.url.bug=http://bugreport.sun.com/bugreport/, sun.io.unicode.encoding=UnicodeBig, sun.cpu.endian=little, socksNonProxyHosts=local|*.local|169.254/16|*.169.254/16, ftp.nonProxyHosts=local|*.local|169.254/16|*.169.254/16, sun.cpu.isalist=}}, SystemEnvironmentPropertySource@1024181343 {name='systemEnvironment', properties={PATH=/usr/local/opt/icu4c/bin:/usr/local/bin:/usr/bin:/bin:/usr/sbin:/sbin, SHELL=/bin/bash, JAVA_HOME=/Library/Java/JavaVirtualMachines/jdk1.8.0_31.jdk/Contents/Home, JAVA_MAIN_CLASS_9275=org.gradle.launcher.GradleMain, SECURITYSESSIONID=186a8, OLDPWD=/usr/local/Cellar/gradle/4.7/libexec, TERM=xterm-256color, USER=Alok, JAVA_MAIN_CLASS_9293=worker.org.gradle.process.internal.worker.GradleWorkerMain, COMMAND_MODE=unix2003, TMPDIR=/var/folders/9z/n2592mjj2d554z_4d0fh700c0000gn/T/, APP_ICON_9275=/usr/local/Cellar/gradle/4.7/libexec/media/gradle.icns, SSH_AUTH_SOCK=/private/tmp/com.apple.launchd.vbTzdvewAa/Listeners, XPC_FLAGS=0x0, APP_NAME_9275=Gradle, __CF_USER_TEXT_ENCODING=0x1F5:0x0:0x0, Apple_PubSub_Socket_Render=/private/tmp/com.apple.launchd.NhSdWoVDs1/Render, LOGNAME=Alok, LC_CTYPE=en_US.UTF-8, XPC_SERVICE_NAME=0, PWD=/Users/Alok/Desktop/My-Project/elements-distribution, HOME=/Users/Alok, SHLVL=1}}]
11:00:15.205 [Test worker] DEBUG org.springframework.test.context.support.TestPropertySourceUtils - Adding inlined properties to environment: {spring.jmx.enabled=false, org.springframework.boot.test.context.SpringBootTestContextBootstrapper=true, server.port=-1}
11:00:15.205 [Test worker] DEBUG org.springframework.core.env.StandardEnvironment - Adding PropertySource 'Inlined Test Properties' with highest search precedence

  .   ____          _            __ _ _
 /\\ / ___'_ __ _ _(_)_ __  __ _ \ \ \ \
( ( )\___ | '_ | '_| | '_ \/ _` | \ \ \ \
 \\/  ___)| |_)| | | | | || (_| |  ) ) ) )
  '  |____| .__|_| |_|_| |_\__, | / / / /
 =========|_|==============|___/=/_/_/_/
 :: Spring Boot ::        (v2.0.5.RELEASE)

2018-09-15 11:00:15.439  INFO 9293 --- [    Test worker] e.e.ElementDistributionsApplicationTests : Starting ElementDistributionsApplicationTests on o-2.attlocal.net with PID 9293 (started by Alok in /Users/Alok/Desktop/My-Project/elements-distribution/server)
2018-09-15 11:00:15.441  INFO 9293 --- [    Test worker] e.e.ElementDistributionsApplicationTests : No active profile set, falling back to default profiles: default
2018-09-15 11:00:15.474  INFO 9293 --- [    Test worker] o.s.w.c.s.GenericWebApplicationContext   : Refreshing org.springframework.web.context.support.GenericWebApplicationContext@1799c0b0: startup date [Sat Sep 15 11:00:15 EDT 2018]; root of context hierarchy
2018-09-15 11:00:16.896  INFO 9293 --- [    Test worker] trationDelegate$BeanPostProcessorChecker : Bean 'org.springframework.transaction.annotation.ProxyTransactionManagementConfiguration' of type [org.springframework.transaction.annotation.ProxyTransactionManagementConfiguration$$EnhancerBySpringCGLIB$$1a452aa1] is not eligible for getting processed by all BeanPostProcessors (for example: not eligible for auto-proxying)
2018-09-15 11:00:16.939  INFO 9293 --- [    Test worker] trationDelegate$BeanPostProcessorChecker : Bean 'org.springframework.security.config.annotation.configuration.ObjectPostProcessorConfiguration' of type [org.springframework.security.config.annotation.configuration.ObjectPostProcessorConfiguration$$EnhancerBySpringCGLIB$$b2f2f2db] is not eligible for getting processed by all BeanPostProcessors (for example: not eligible for auto-proxying)
2018-09-15 11:00:16.946  INFO 9293 --- [    Test worker] trationDelegate$BeanPostProcessorChecker : Bean 'objectPostProcessor' of type [org.springframework.security.config.annotation.configuration.AutowireBeanFactoryObjectPostProcessor] is not eligible for getting processed by all BeanPostProcessors (for example: not eligible for auto-proxying)
2018-09-15 11:00:16.947  INFO 9293 --- [    Test worker] trationDelegate$BeanPostProcessorChecker : Bean 'org.springframework.security.access.expression.method.DefaultMethodSecurityExpressionHandler@5c00111f' of type [org.springframework.security.access.expression.method.DefaultMethodSecurityExpressionHandler] is not eligible for getting processed by all BeanPostProcessors (for example: not eligible for auto-proxying)
2018-09-15 11:00:16.955  INFO 9293 --- [    Test worker] trationDelegate$BeanPostProcessorChecker : Bean 'org.springframework.security.config.annotation.method.configuration.GlobalMethodSecurityConfiguration' of type [org.springframework.security.config.annotation.method.configuration.GlobalMethodSecurityConfiguration$$EnhancerBySpringCGLIB$$d7c7958d] is not eligible for getting processed by all BeanPostProcessors (for example: not eligible for auto-proxying)
2018-09-15 11:00:16.963  INFO 9293 --- [    Test worker] trationDelegate$BeanPostProcessorChecker : Bean 'methodSecurityMetadataSource' of type [org.springframework.security.access.method.DelegatingMethodSecurityMetadataSource] is not eligible for getting processed by all BeanPostProcessors (for example: not eligible for auto-proxying)
2018-09-15 11:00:16.970  INFO 9293 --- [    Test worker] trationDelegate$BeanPostProcessorChecker : Bean 'org.springframework.hateoas.config.HateoasConfiguration' of type [org.springframework.hateoas.config.HateoasConfiguration$$EnhancerBySpringCGLIB$$99c577d3] is not eligible for getting processed by all BeanPostProcessors (for example: not eligible for auto-proxying)
2018-09-15 11:00:17.225  INFO 9293 --- [    Test worker] com.zaxxer.hikari.HikariDataSource       : HikariPool-1 - Starting...
2018-09-15 11:00:17.535  INFO 9293 --- [    Test worker] com.zaxxer.hikari.HikariDataSource       : HikariPool-1 - Start completed.
2018-09-15 11:00:17.590  INFO 9293 --- [    Test worker] j.LocalContainerEntityManagerFactoryBean : Building JPA container EntityManagerFactory for persistence unit 'default'
2018-09-15 11:00:17.606  INFO 9293 --- [    Test worker] o.hibernate.jpa.internal.util.LogHelper  : HHH000204: Processing PersistenceUnitInfo [
	name: default
	...]
2018-09-15 11:00:17.681  INFO 9293 --- [    Test worker] org.hibernate.Version                    : HHH000412: Hibernate Core {5.2.17.Final}
2018-09-15 11:00:17.682  INFO 9293 --- [    Test worker] org.hibernate.cfg.Environment            : HHH000206: hibernate.properties not found
2018-09-15 11:00:17.721  INFO 9293 --- [    Test worker] o.hibernate.annotations.common.Version   : HCANN000001: Hibernate Commons Annotations {5.0.1.Final}
2018-09-15 11:00:17.838  INFO 9293 --- [    Test worker] org.hibernate.dialect.Dialect            : HHH000400: Using dialect: org.hibernate.dialect.MySQL5Dialect
2018-09-15 11:00:18.643  INFO 9293 --- [    Test worker] j.LocalContainerEntityManagerFactoryBean : Initialized JPA EntityManagerFactory for persistence unit 'default'
2018-09-15 11:00:19.567  INFO 9293 --- [    Test worker] o.h.h.i.QueryTranslatorFactoryInitiator  : HHH000397: Using ASTQueryTranslatorFactory
2018-09-15 11:00:19.981  WARN 9293 --- [    Test worker] f.a.AutowiredAnnotationBeanPostProcessor : Autowired annotation should only be used on methods with parameters: public org.springframework.security.crypto.bcrypt.BCryptPasswordEncoder com.elements.elementdistributions.security.controller.AuthenticationRestController.bCryptPasswordEncoder()
2018-09-15 11:00:20.561  INFO 9293 --- [    Test worker] o.s.s.web.DefaultSecurityFilterChain     : Creating filter chain: org.springframework.security.web.util.matcher.AnyRequestMatcher@1, [org.springframework.security.web.context.request.async.WebAsyncManagerIntegrationFilter@7eecace, org.springframework.security.web.context.SecurityContextPersistenceFilter@7a3b8f4e, org.springframework.security.web.header.HeaderWriterFilter@2b896459, org.springframework.security.web.authentication.logout.LogoutFilter@76dbf631, com.elements.elementdistributions.security.JwtAuthorizationTokenFilter@3aa8d50b, org.springframework.security.web.savedrequest.RequestCacheAwareFilter@3af7be1f, org.springframework.security.web.servletapi.SecurityContextHolderAwareRequestFilter@2acb2dd4, org.springframework.security.web.authentication.AnonymousAuthenticationFilter@572a00, org.springframework.security.web.session.SessionManagementFilter@36b2d243, org.springframework.security.web.access.ExceptionTranslationFilter@3220b0f9, org.springframework.security.web.access.intercept.FilterSecurityInterceptor@10278752]
2018-09-15 11:00:20.811  INFO 9293 --- [    Test worker] o.s.w.s.handler.SimpleUrlHandlerMapping  : Mapped URL path [/**/favicon.ico] onto handler of type [class org.springframework.web.servlet.resource.ResourceHttpRequestHandler]
2018-09-15 11:00:21.204  INFO 9293 --- [    Test worker] s.w.s.m.m.a.RequestMappingHandlerAdapter : Looking for @ControllerAdvice: org.springframework.web.context.support.GenericWebApplicationContext@1799c0b0: startup date [Sat Sep 15 11:00:15 EDT 2018]; root of context hierarchy
2018-09-15 11:00:21.272  WARN 9293 --- [    Test worker] aWebConfiguration$JpaWebMvcConfiguration : spring.jpa.open-in-view is enabled by default. Therefore, database queries may be performed during view rendering. Explicitly configure spring.jpa.open-in-view to disable this warning
2018-09-15 11:00:21.313  INFO 9293 --- [    Test worker] s.w.s.m.m.a.RequestMappingHandlerMapping : Mapped "{[/getCustomerDetailsByEmail],methods=[GET],produces=[application/json]}" onto public com.elements.elementdistributions.dto.CustomerDao com.elements.elementdistributions.controller.CustomerController.getCustomerDetailsByEmail(java.lang.String) throws java.sql.SQLException
2018-09-15 11:00:21.314  INFO 9293 --- [    Test worker] s.w.s.m.m.a.RequestMappingHandlerMapping : Mapped "{[/addCustomer],methods=[POST],consumes=[application/json]}" onto public org.springframework.http.ResponseEntity com.elements.elementdistributions.controller.CustomerController.addCustomer(com.elements.elementdistributions.dto.CustomerDao)
2018-09-15 11:00:21.314  INFO 9293 --- [    Test worker] s.w.s.m.m.a.RequestMappingHandlerMapping : Mapped "{[/validateUser],methods=[GET]}" onto public com.elements.elementdistributions.dto.CustomerDao com.elements.elementdistributions.controller.CustomerController.getUserLoginDetails(java.lang.String,java.lang.String) throws java.sql.SQLException
2018-09-15 11:00:21.315  INFO 9293 --- [    Test worker] s.w.s.m.m.a.RequestMappingHandlerMapping : Mapped "{[/sendEmailToResetPassword],methods=[POST],consumes=[application/json]}" onto public void com.elements.elementdistributions.controller.CustomerController.sendEmailToResetPassword(java.lang.String)
2018-09-15 11:00:21.315  INFO 9293 --- [    Test worker] s.w.s.m.m.a.RequestMappingHandlerMapping : Mapped "{[/resetPassword],methods=[POST],consumes=[application/json]}" onto public void com.elements.elementdistributions.controller.CustomerController.resetPassword(com.elements.elementdistributions.dto.CustomerDao) throws java.text.ParseException
2018-09-15 11:00:21.319  INFO 9293 --- [    Test worker] s.w.s.m.m.a.RequestMappingHandlerMapping : Mapped "{[/getAllProduct],methods=[GET]}" onto public java.util.List<com.elements.elementdistributions.dto.ProductEcomerceDto> com.elements.elementdistributions.controller.ProductController.getAllProduct()
2018-09-15 11:00:21.319  INFO 9293 --- [    Test worker] s.w.s.m.m.a.RequestMappingHandlerMapping : Mapped "{[/getAllProductForSearch],methods=[GET]}" onto public java.util.List<com.elements.elementdistributions.dto.ProductEcomerceDto> com.elements.elementdistributions.controller.ProductController.getProduct()
2018-09-15 11:00:21.320  INFO 9293 --- [    Test worker] s.w.s.m.m.a.RequestMappingHandlerMapping : Mapped "{[/getProductForSearch],methods=[GET]}" onto public java.util.List<com.elements.elementdistributions.dto.ProductEcomerceDto> com.elements.elementdistributions.controller.ProductController.getProductForSearch(java.lang.String)
2018-09-15 11:00:21.320  INFO 9293 --- [    Test worker] s.w.s.m.m.a.RequestMappingHandlerMapping : Mapped "{[/getProductsByCategory],methods=[GET]}" onto public java.util.List<com.elements.elementdistributions.dto.ProductEcomerceDto> com.elements.elementdistributions.controller.ProductController.getProductsByCategory(int) throws java.sql.SQLException
2018-09-15 11:00:21.320  INFO 9293 --- [    Test worker] s.w.s.m.m.a.RequestMappingHandlerMapping : Mapped "{[/getProductsBySubCategory],methods=[GET]}" onto public java.util.List<com.elements.elementdistributions.dto.ProductEcomerceDto> com.elements.elementdistributions.controller.ProductController.getProductsBySubCategory(int) throws java.sql.SQLException
2018-09-15 11:00:21.321  INFO 9293 --- [    Test worker] s.w.s.m.m.a.RequestMappingHandlerMapping : Mapped "{[/getProductVariantById],methods=[GET],produces=[application/json]}" onto public java.util.List<com.elements.elementdistributions.entity.ProductVariantDao> com.elements.elementdistributions.controller.ProductController.getProductVariantById(java.lang.Integer)
2018-09-15 11:00:21.322  INFO 9293 --- [    Test worker] s.w.s.m.m.a.RequestMappingHandlerMapping : Mapped "{[/getFeaturedProducts],methods=[GET]}" onto public java.util.List<com.elements.elementdistributions.dto.ProductEcomerceDto> com.elements.elementdistributions.controller.ProductController.getFeaturedProducts()
2018-09-15 11:00:21.322  INFO 9293 --- [    Test worker] s.w.s.m.m.a.RequestMappingHandlerMapping : Mapped "{[/getNewProducts],methods=[GET]}" onto public java.util.List<com.elements.elementdistributions.dto.ProductEcomerceDto> com.elements.elementdistributions.controller.ProductController.getNewProducts()
2018-09-15 11:00:21.323  INFO 9293 --- [    Test worker] s.w.s.m.m.a.RequestMappingHandlerMapping : Mapped "{[/getEcommerceProductsByModel],methods=[GET]}" onto public java.util.List<com.elements.elementdistributions.dto.ProductEcomerceDto> com.elements.elementdistributions.controller.ProductController.getEcommerceProductsByModel(int)
2018-09-15 11:00:21.323  INFO 9293 --- [    Test worker] s.w.s.m.m.a.RequestMappingHandlerMapping : Mapped "{[/insertProductImage],methods=[POST],consumes=[multipart/form-data]}" onto public void com.elements.elementdistributions.controller.ProductController.insertProductImage(java.lang.String,org.springframework.web.multipart.MultipartFile) throws java.io.IOException
2018-09-15 11:00:21.324  INFO 9293 --- [    Test worker] s.w.s.m.m.a.RequestMappingHandlerMapping : Mapped "{[/addToCart],methods=[POST],consumes=[application/json]}" onto public com.elements.elementdistributions.entity.WebTransactionDao com.elements.elementdistributions.controller.TransactionController.addTransactionToDB(com.elements.elementdistributions.entity.WebTransactionDao)
2018-09-15 11:00:21.327  INFO 9293 --- [    Test worker] s.w.s.m.m.a.RequestMappingHandlerMapping : Mapped "{[/addCartItem],methods=[POST],consumes=[application/json]}" onto public com.elements.elementdistributions.entity.WebTransactionLineItemDao com.elements.elementdistributions.controller.TransactionController.addCartItem(com.elements.elementdistributions.entity.WebTransactionLineItemDao)
2018-09-15 11:00:21.327  INFO 9293 --- [    Test worker] s.w.s.m.m.a.RequestMappingHandlerMapping : Mapped "{[/getCartItem],methods=[GET],produces=[application/json]}" onto public java.util.List<com.elements.elementdistributions.entity.WebTransactionLineItemDao> com.elements.elementdistributions.controller.TransactionController.getCartItem(java.lang.String)
2018-09-15 11:00:21.328  INFO 9293 --- [    Test worker] s.w.s.m.m.a.RequestMappingHandlerMapping : Mapped "{[/deleteCartItem],methods=[POST]}" onto public void com.elements.elementdistributions.controller.TransactionController.deleteCartItem(com.elements.elementdistributions.entity.WebTransactionLineItemDao)
2018-09-15 11:00:21.328  INFO 9293 --- [    Test worker] s.w.s.m.m.a.RequestMappingHandlerMapping : Mapped "{[/clearCart],methods=[DELETE]}" onto public void com.elements.elementdistributions.controller.TransactionController.clearCart(java.lang.String)
2018-09-15 11:00:21.328  INFO 9293 --- [    Test worker] s.w.s.m.m.a.RequestMappingHandlerMapping : Mapped "{[/addTransaction],methods=[POST],consumes=[application/json]}" onto public com.elements.elementdistributions.entity.TransactionDao com.elements.elementdistributions.controller.TransactionController.addTransaction(java.util.List<com.elements.elementdistributions.entity.WebTransactionLineItemDao>)
2018-09-15 11:00:21.329  INFO 9293 --- [    Test worker] s.w.s.m.m.a.RequestMappingHandlerMapping : Mapped "{[/getWebMenu],methods=[GET]}" onto public com.elements.elementdistributions.dto.MenuDto com.elements.elementdistributions.controller.WebMenuController.getWebMenu()
2018-09-15 11:00:21.330  INFO 9293 --- [    Test worker] s.w.s.m.m.a.RequestMappingHandlerMapping : Mapped "{[/auth],methods=[POST]}" onto public org.springframework.http.ResponseEntity<?> com.elements.elementdistributions.security.controller.AuthenticationRestController.createAuthenticationToken(com.elements.elementdistributions.security.JwtAuthenticationRequest) throws com.elements.elementdistributions.security.controller.AuthenticationException
2018-09-15 11:00:21.331  INFO 9293 --- [    Test worker] s.w.s.m.m.a.RequestMappingHandlerMapping : Mapped "{[/refresh],methods=[GET]}" onto public org.springframework.http.ResponseEntity<?> com.elements.elementdistributions.security.controller.AuthenticationRestController.refreshAndGetAuthenticationToken(javax.servlet.http.HttpServletRequest)
2018-09-15 11:00:21.331  INFO 9293 --- [    Test worker] s.w.s.m.m.a.RequestMappingHandlerMapping : Mapped "{[/protected],methods=[GET]}" onto public org.springframework.http.ResponseEntity<?> com.elements.elementdistributions.security.controller.MethodProtectedRestController.getProtectedGreeting()
2018-09-15 11:00:21.332  INFO 9293 --- [    Test worker] s.w.s.m.m.a.RequestMappingHandlerMapping : Mapped "{[/user],methods=[GET]}" onto public com.elements.elementdistributions.security.JwtUser com.elements.elementdistributions.security.controller.UserRestController.getAuthenticatedUser(javax.servlet.http.HttpServletRequest)
2018-09-15 11:00:21.334  INFO 9293 --- [    Test worker] s.w.s.m.m.a.RequestMappingHandlerMapping : Mapped "{[/error]}" onto public org.springframework.http.ResponseEntity<java.util.Map<java.lang.String, java.lang.Object>> org.springframework.boot.autoconfigure.web.servlet.error.BasicErrorController.error(javax.servlet.http.HttpServletRequest)
2018-09-15 11:00:21.335  INFO 9293 --- [    Test worker] s.w.s.m.m.a.RequestMappingHandlerMapping : Mapped "{[/error],produces=[text/html]}" onto public org.springframework.web.servlet.ModelAndView org.springframework.boot.autoconfigure.web.servlet.error.BasicErrorController.errorHtml(javax.servlet.http.HttpServletRequest,javax.servlet.http.HttpServletResponse)
2018-09-15 11:00:21.373  INFO 9293 --- [    Test worker] o.s.w.s.handler.SimpleUrlHandlerMapping  : Mapped URL path [/webjars/**] onto handler of type [class org.springframework.web.servlet.resource.ResourceHttpRequestHandler]
2018-09-15 11:00:21.374  INFO 9293 --- [    Test worker] o.s.w.s.handler.SimpleUrlHandlerMapping  : Mapped URL path [/**] onto handler of type [class org.springframework.web.servlet.resource.ResourceHttpRequestHandler]
2018-09-15 11:00:21.390  INFO 9293 --- [    Test worker] .m.m.a.ExceptionHandlerExceptionResolver : Detected @ExceptionHandler methods in repositoryRestExceptionHandler
2018-09-15 11:00:21.466  INFO 9293 --- [    Test worker] o.s.b.a.w.s.WelcomePageHandlerMapping    : Adding welcome page: class path resource [static/index.html]
2018-09-15 11:00:21.594  INFO 9293 --- [    Test worker] o.s.d.r.w.RepositoryRestHandlerAdapter   : Looking for @ControllerAdvice: org.springframework.web.context.support.GenericWebApplicationContext@1799c0b0: startup date [Sat Sep 15 11:00:15 EDT 2018]; root of context hierarchy
2018-09-15 11:00:21.613  INFO 9293 --- [    Test worker] o.s.d.r.w.RepositoryRestHandlerMapping   : Mapped "{[/{repository}],methods=[OPTIONS],produces=[application/hal+json || application/json]}" onto public org.springframework.http.ResponseEntity<?> org.springframework.data.rest.webmvc.RepositoryEntityController.optionsForCollectionResource(org.springframework.data.rest.webmvc.RootResourceInformation)
2018-09-15 11:00:21.613  INFO 9293 --- [    Test worker] o.s.d.r.w.RepositoryRestHandlerMapping   : Mapped "{[/{repository}],methods=[HEAD],produces=[application/hal+json || application/json]}" onto public org.springframework.http.ResponseEntity<?> org.springframework.data.rest.webmvc.RepositoryEntityController.headCollectionResource(org.springframework.data.rest.webmvc.RootResourceInformation,org.springframework.data.rest.webmvc.support.DefaultedPageable) throws org.springframework.web.HttpRequestMethodNotSupportedException
2018-09-15 11:00:21.613  INFO 9293 --- [    Test worker] o.s.d.r.w.RepositoryRestHandlerMapping   : Mapped "{[/{repository}],methods=[GET],produces=[application/hal+json || application/json]}" onto public org.springframework.hateoas.Resources<?> org.springframework.data.rest.webmvc.RepositoryEntityController.getCollectionResource(org.springframework.data.rest.webmvc.RootResourceInformation,org.springframework.data.rest.webmvc.support.DefaultedPageable,org.springframework.data.domain.Sort,org.springframework.data.rest.webmvc.PersistentEntityResourceAssembler) throws org.springframework.data.rest.webmvc.ResourceNotFoundException,org.springframework.web.HttpRequestMethodNotSupportedException
2018-09-15 11:00:21.614  INFO 9293 --- [    Test worker] o.s.d.r.w.RepositoryRestHandlerMapping   : Mapped "{[/{repository}],methods=[GET],produces=[application/x-spring-data-compact+json || text/uri-list]}" onto public org.springframework.hateoas.Resources<?> org.springframework.data.rest.webmvc.RepositoryEntityController.getCollectionResourceCompact(org.springframework.data.rest.webmvc.RootResourceInformation,org.springframework.data.rest.webmvc.support.DefaultedPageable,org.springframework.data.domain.Sort,org.springframework.data.rest.webmvc.PersistentEntityResourceAssembler) throws org.springframework.data.rest.webmvc.ResourceNotFoundException,org.springframework.web.HttpRequestMethodNotSupportedException
2018-09-15 11:00:21.614  INFO 9293 --- [    Test worker] o.s.d.r.w.RepositoryRestHandlerMapping   : Mapped "{[/{repository}],methods=[POST],produces=[application/hal+json || application/json]}" onto public org.springframework.http.ResponseEntity<org.springframework.hateoas.ResourceSupport> org.springframework.data.rest.webmvc.RepositoryEntityController.postCollectionResource(org.springframework.data.rest.webmvc.RootResourceInformation,org.springframework.data.rest.webmvc.PersistentEntityResource,org.springframework.data.rest.webmvc.PersistentEntityResourceAssembler,java.lang.String) throws org.springframework.web.HttpRequestMethodNotSupportedException
2018-09-15 11:00:21.614  INFO 9293 --- [    Test worker] o.s.d.r.w.RepositoryRestHandlerMapping   : Mapped "{[/{repository}/{id}],methods=[OPTIONS],produces=[application/hal+json || application/json]}" onto public org.springframework.http.ResponseEntity<?> org.springframework.data.rest.webmvc.RepositoryEntityController.optionsForItemResource(org.springframework.data.rest.webmvc.RootResourceInformation)
2018-09-15 11:00:21.615  INFO 9293 --- [    Test worker] o.s.d.r.w.RepositoryRestHandlerMapping   : Mapped "{[/{repository}/{id}],methods=[HEAD],produces=[application/hal+json || application/json]}" onto public org.springframework.http.ResponseEntity<?> org.springframework.data.rest.webmvc.RepositoryEntityController.headForItemResource(org.springframework.data.rest.webmvc.RootResourceInformation,java.io.Serializable,org.springframework.data.rest.webmvc.PersistentEntityResourceAssembler) throws org.springframework.web.HttpRequestMethodNotSupportedException
2018-09-15 11:00:21.615  INFO 9293 --- [    Test worker] o.s.d.r.w.RepositoryRestHandlerMapping   : Mapped "{[/{repository}/{id}],methods=[GET],produces=[application/hal+json || application/json]}" onto public org.springframework.http.ResponseEntity<org.springframework.hateoas.Resource<?>> org.springframework.data.rest.webmvc.RepositoryEntityController.getItemResource(org.springframework.data.rest.webmvc.RootResourceInformation,java.io.Serializable,org.springframework.data.rest.webmvc.PersistentEntityResourceAssembler,org.springframework.http.HttpHeaders) throws org.springframework.web.HttpRequestMethodNotSupportedException
2018-09-15 11:00:21.615  INFO 9293 --- [    Test worker] o.s.d.r.w.RepositoryRestHandlerMapping   : Mapped "{[/{repository}/{id}],methods=[PUT],produces=[application/hal+json || application/json]}" onto public org.springframework.http.ResponseEntity<? extends org.springframework.hateoas.ResourceSupport> org.springframework.data.rest.webmvc.RepositoryEntityController.putItemResource(org.springframework.data.rest.webmvc.RootResourceInformation,org.springframework.data.rest.webmvc.PersistentEntityResource,java.io.Serializable,org.springframework.data.rest.webmvc.PersistentEntityResourceAssembler,org.springframework.data.rest.webmvc.support.ETag,java.lang.String) throws org.springframework.web.HttpRequestMethodNotSupportedException
2018-09-15 11:00:21.615  INFO 9293 --- [    Test worker] o.s.d.r.w.RepositoryRestHandlerMapping   : Mapped "{[/{repository}/{id}],methods=[PATCH],produces=[application/hal+json || application/json]}" onto public org.springframework.http.ResponseEntity<org.springframework.hateoas.ResourceSupport> org.springframework.data.rest.webmvc.RepositoryEntityController.patchItemResource(org.springframework.data.rest.webmvc.RootResourceInformation,org.springframework.data.rest.webmvc.PersistentEntityResource,java.io.Serializable,org.springframework.data.rest.webmvc.PersistentEntityResourceAssembler,org.springframework.data.rest.webmvc.support.ETag,java.lang.String) throws org.springframework.web.HttpRequestMethodNotSupportedException,org.springframework.data.rest.webmvc.ResourceNotFoundException
2018-09-15 11:00:21.616  INFO 9293 --- [    Test worker] o.s.d.r.w.RepositoryRestHandlerMapping   : Mapped "{[/{repository}/{id}],methods=[DELETE],produces=[application/hal+json || application/json]}" onto public org.springframework.http.ResponseEntity<?> org.springframework.data.rest.webmvc.RepositoryEntityController.deleteItemResource(org.springframework.data.rest.webmvc.RootResourceInformation,java.io.Serializable,org.springframework.data.rest.webmvc.support.ETag) throws org.springframework.data.rest.webmvc.ResourceNotFoundException,org.springframework.web.HttpRequestMethodNotSupportedException
2018-09-15 11:00:21.617  INFO 9293 --- [    Test worker] o.s.d.r.w.RepositoryRestHandlerMapping   : Mapped "{[/{repository}/{id}/{property}],methods=[GET],produces=[application/hal+json || application/json]}" onto public org.springframework.http.ResponseEntity<org.springframework.hateoas.ResourceSupport> org.springframework.data.rest.webmvc.RepositoryPropertyReferenceController.followPropertyReference(org.springframework.data.rest.webmvc.RootResourceInformation,java.io.Serializable,java.lang.String,org.springframework.data.rest.webmvc.PersistentEntityResourceAssembler) throws java.lang.Exception
2018-09-15 11:00:21.617  INFO 9293 --- [    Test worker] o.s.d.r.w.RepositoryRestHandlerMapping   : Mapped "{[/{repository}/{id}/{property}/{propertyId}],methods=[GET],produces=[application/hal+json || application/json]}" onto public org.springframework.http.ResponseEntity<org.springframework.hateoas.ResourceSupport> org.springframework.data.rest.webmvc.RepositoryPropertyReferenceController.followPropertyReference(org.springframework.data.rest.webmvc.RootResourceInformation,java.io.Serializable,java.lang.String,java.lang.String,org.springframework.data.rest.webmvc.PersistentEntityResourceAssembler) throws java.lang.Exception
2018-09-15 11:00:21.617  INFO 9293 --- [    Test worker] o.s.d.r.w.RepositoryRestHandlerMapping   : Mapped "{[/{repository}/{id}/{property}],methods=[DELETE],produces=[application/hal+json || application/json]}" onto public org.springframework.http.ResponseEntity<? extends org.springframework.hateoas.ResourceSupport> org.springframework.data.rest.webmvc.RepositoryPropertyReferenceController.deletePropertyReference(org.springframework.data.rest.webmvc.RootResourceInformation,java.io.Serializable,java.lang.String) throws java.lang.Exception
2018-09-15 11:00:21.618  INFO 9293 --- [    Test worker] o.s.d.r.w.RepositoryRestHandlerMapping   : Mapped "{[/{repository}/{id}/{property}],methods=[GET],produces=[application/x-spring-data-compact+json || text/uri-list]}" onto public org.springframework.http.ResponseEntity<org.springframework.hateoas.ResourceSupport> org.springframework.data.rest.webmvc.RepositoryPropertyReferenceController.followPropertyReferenceCompact(org.springframework.data.rest.webmvc.RootResourceInformation,java.io.Serializable,java.lang.String,org.springframework.data.rest.webmvc.PersistentEntityResourceAssembler) throws java.lang.Exception
2018-09-15 11:00:21.618  INFO 9293 --- [    Test worker] o.s.d.r.w.RepositoryRestHandlerMapping   : Mapped "{[/{repository}/{id}/{property}],methods=[PATCH || PUT || POST],consumes=[application/json || application/x-spring-data-compact+json || text/uri-list],produces=[application/hal+json || application/json]}" onto public org.springframework.http.ResponseEntity<? extends org.springframework.hateoas.ResourceSupport> org.springframework.data.rest.webmvc.RepositoryPropertyReferenceController.createPropertyReference(org.springframework.data.rest.webmvc.RootResourceInformation,org.springframework.http.HttpMethod,org.springframework.hateoas.Resources<java.lang.Object>,java.io.Serializable,java.lang.String) throws java.lang.Exception
2018-09-15 11:00:21.618  INFO 9293 --- [    Test worker] o.s.d.r.w.RepositoryRestHandlerMapping   : Mapped "{[/{repository}/{id}/{property}/{propertyId}],methods=[DELETE],produces=[application/hal+json || application/json]}" onto public org.springframework.http.ResponseEntity<org.springframework.hateoas.ResourceSupport> org.springframework.data.rest.webmvc.RepositoryPropertyReferenceController.deletePropertyReferenceId(org.springframework.data.rest.webmvc.RootResourceInformation,java.io.Serializable,java.lang.String,java.lang.String) throws java.lang.Exception
2018-09-15 11:00:21.619  INFO 9293 --- [    Test worker] o.s.d.r.w.RepositoryRestHandlerMapping   : Mapped "{[/{repository}/search],methods=[OPTIONS],produces=[application/hal+json || application/json]}" onto public org.springframework.http.HttpEntity<?> org.springframework.data.rest.webmvc.RepositorySearchController.optionsForSearches(org.springframework.data.rest.webmvc.RootResourceInformation)
2018-09-15 11:00:21.620  INFO 9293 --- [    Test worker] o.s.d.r.w.RepositoryRestHandlerMapping   : Mapped "{[/{repository}/search],methods=[HEAD],produces=[application/hal+json || application/json]}" onto public org.springframework.http.HttpEntity<?> org.springframework.data.rest.webmvc.RepositorySearchController.headForSearches(org.springframework.data.rest.webmvc.RootResourceInformation)
2018-09-15 11:00:21.620  INFO 9293 --- [    Test worker] o.s.d.r.w.RepositoryRestHandlerMapping   : Mapped "{[/{repository}/search],methods=[GET],produces=[application/hal+json || application/json]}" onto public org.springframework.data.rest.webmvc.RepositorySearchesResource org.springframework.data.rest.webmvc.RepositorySearchController.listSearches(org.springframework.data.rest.webmvc.RootResourceInformation)
2018-09-15 11:00:21.620  INFO 9293 --- [    Test worker] o.s.d.r.w.RepositoryRestHandlerMapping   : Mapped "{[/{repository}/search/{search}],methods=[GET],produces=[application/hal+json || application/json]}" onto public org.springframework.http.ResponseEntity<?> org.springframework.data.rest.webmvc.RepositorySearchController.executeSearch(org.springframework.data.rest.webmvc.RootResourceInformation,org.springframework.util.MultiValueMap<java.lang.String, java.lang.Object>,java.lang.String,org.springframework.data.rest.webmvc.support.DefaultedPageable,org.springframework.data.domain.Sort,org.springframework.data.rest.webmvc.PersistentEntityResourceAssembler,org.springframework.http.HttpHeaders)
2018-09-15 11:00:21.620  INFO 9293 --- [    Test worker] o.s.d.r.w.RepositoryRestHandlerMapping   : Mapped "{[/{repository}/search/{search}],methods=[GET],produces=[application/x-spring-data-compact+json]}" onto public org.springframework.hateoas.ResourceSupport org.springframework.data.rest.webmvc.RepositorySearchController.executeSearchCompact(org.springframework.data.rest.webmvc.RootResourceInformation,org.springframework.http.HttpHeaders,org.springframework.util.MultiValueMap<java.lang.String, java.lang.Object>,java.lang.String,java.lang.String,org.springframework.data.rest.webmvc.support.DefaultedPageable,org.springframework.data.domain.Sort,org.springframework.data.rest.webmvc.PersistentEntityResourceAssembler)
2018-09-15 11:00:21.621  INFO 9293 --- [    Test worker] o.s.d.r.w.RepositoryRestHandlerMapping   : Mapped "{[/{repository}/search/{search}],methods=[OPTIONS],produces=[application/hal+json || application/json]}" onto public org.springframework.http.ResponseEntity<java.lang.Object> org.springframework.data.rest.webmvc.RepositorySearchController.optionsForSearch(org.springframework.data.rest.webmvc.RootResourceInformation,java.lang.String)
2018-09-15 11:00:21.621  INFO 9293 --- [    Test worker] o.s.d.r.w.RepositoryRestHandlerMapping   : Mapped "{[/{repository}/search/{search}],methods=[HEAD],produces=[application/hal+json || application/json]}" onto public org.springframework.http.ResponseEntity<java.lang.Object> org.springframework.data.rest.webmvc.RepositorySearchController.headForSearch(org.springframework.data.rest.webmvc.RootResourceInformation,java.lang.String)
2018-09-15 11:00:21.622  INFO 9293 --- [    Test worker] o.s.d.r.w.RepositoryRestHandlerMapping   : Mapped "{[/ || ],methods=[HEAD],produces=[application/hal+json || application/json]}" onto public org.springframework.http.ResponseEntity<?> org.springframework.data.rest.webmvc.RepositoryController.headForRepositories()
2018-09-15 11:00:21.622  INFO 9293 --- [    Test worker] o.s.d.r.w.RepositoryRestHandlerMapping   : Mapped "{[/ || ],methods=[OPTIONS],produces=[application/hal+json || application/json]}" onto public org.springframework.http.HttpEntity<?> org.springframework.data.rest.webmvc.RepositoryController.optionsForRepositories()
2018-09-15 11:00:21.622  INFO 9293 --- [    Test worker] o.s.d.r.w.RepositoryRestHandlerMapping   : Mapped "{[/ || ],methods=[GET],produces=[application/hal+json || application/json]}" onto public org.springframework.http.HttpEntity<org.springframework.data.rest.webmvc.RepositoryLinksResource> org.springframework.data.rest.webmvc.RepositoryController.listRepositories()
2018-09-15 11:00:21.627  INFO 9293 --- [    Test worker] o.s.d.r.w.BasePathAwareHandlerMapping    : Mapped "{[/profile],methods=[OPTIONS]}" onto public org.springframework.http.HttpEntity<?> org.springframework.data.rest.webmvc.ProfileController.profileOptions()
2018-09-15 11:00:21.627  INFO 9293 --- [    Test worker] o.s.d.r.w.BasePathAwareHandlerMapping    : Mapped "{[/profile],methods=[GET]}" onto org.springframework.http.HttpEntity<org.springframework.hateoas.ResourceSupport> org.springframework.data.rest.webmvc.ProfileController.listAllFormsOfMetadata()
2018-09-15 11:00:21.627  INFO 9293 --- [    Test worker] o.s.d.r.w.BasePathAwareHandlerMapping    : Mapped "{[/profile/{repository}],methods=[GET],produces=[application/schema+json]}" onto public org.springframework.http.HttpEntity<org.springframework.data.rest.webmvc.json.JsonSchema> org.springframework.data.rest.webmvc.RepositorySchemaController.schema(org.springframework.data.rest.webmvc.RootResourceInformation)
2018-09-15 11:00:21.628  INFO 9293 --- [    Test worker] o.s.d.r.w.BasePathAwareHandlerMapping    : Mapped "{[/profile/{repository}],methods=[GET],produces=[application/alps+json || */*]}" onto org.springframework.http.HttpEntity<org.springframework.data.rest.webmvc.RootResourceInformation> org.springframework.data.rest.webmvc.alps.AlpsController.descriptor(org.springframework.data.rest.webmvc.RootResourceInformation)
2018-09-15 11:00:21.628  INFO 9293 --- [    Test worker] o.s.d.r.w.BasePathAwareHandlerMapping    : Mapped "{[/profile/{repository}],methods=[OPTIONS],produces=[application/alps+json]}" onto org.springframework.http.HttpEntity<?> org.springframework.data.rest.webmvc.alps.AlpsController.alpsOptions()
2018-09-15 11:00:21.804  INFO 9293 --- [    Test worker] e.e.ElementDistributionsApplicationTests : Started ElementDistributionsApplicationTests in 6.588 seconds (JVM running for 7.592)
]]></system-out>
  <system-err><![CDATA[Sat Sep 15 11:00:17 EDT 2018 WARN: Establishing SSL connection without server's identity verification is not recommended. According to MySQL 5.5.45+, 5.6.26+ and 5.7.6+ requirements SSL connection must be established by default if explicit option isn't set. For compliance with existing applications not using SSL the verifyServerCertificate property is set to 'false'. You need either to explicitly disable SSL by setting useSSL=false, or set useSSL=true and provide truststore for server certificate verification.
Sat Sep 15 11:00:17 EDT 2018 WARN: Establishing SSL connection without server's identity verification is not recommended. According to MySQL 5.5.45+, 5.6.26+ and 5.7.6+ requirements SSL connection must be established by default if explicit option isn't set. For compliance with existing applications not using SSL the verifyServerCertificate property is set to 'false'. You need either to explicitly disable SSL by setting useSSL=false, or set useSSL=true and provide truststore for server certificate verification.
Sat Sep 15 11:00:17 EDT 2018 WARN: Establishing SSL connection without server's identity verification is not recommended. According to MySQL 5.5.45+, 5.6.26+ and 5.7.6+ requirements SSL connection must be established by default if explicit option isn't set. For compliance with existing applications not using SSL the verifyServerCertificate property is set to 'false'. You need either to explicitly disable SSL by setting useSSL=false, or set useSSL=true and provide truststore for server certificate verification.
Sat Sep 15 11:00:17 EDT 2018 WARN: Establishing SSL connection without server's identity verification is not recommended. According to MySQL 5.5.45+, 5.6.26+ and 5.7.6+ requirements SSL connection must be established by default if explicit option isn't set. For compliance with existing applications not using SSL the verifyServerCertificate property is set to 'false'. You need either to explicitly disable SSL by setting useSSL=false, or set useSSL=true and provide truststore for server certificate verification.
Sat Sep 15 11:00:17 EDT 2018 WARN: Establishing SSL connection without server's identity verification is not recommended. According to MySQL 5.5.45+, 5.6.26+ and 5.7.6+ requirements SSL connection must be established by default if explicit option isn't set. For compliance with existing applications not using SSL the verifyServerCertificate property is set to 'false'. You need either to explicitly disable SSL by setting useSSL=false, or set useSSL=true and provide truststore for server certificate verification.
Sat Sep 15 11:00:17 EDT 2018 WARN: Establishing SSL connection without server's identity verification is not recommended. According to MySQL 5.5.45+, 5.6.26+ and 5.7.6+ requirements SSL connection must be established by default if explicit option isn't set. For compliance with existing applications not using SSL the verifyServerCertificate property is set to 'false'. You need either to explicitly disable SSL by setting useSSL=false, or set useSSL=true and provide truststore for server certificate verification.
Sat Sep 15 11:00:17 EDT 2018 WARN: Establishing SSL connection without server's identity verification is not recommended. According to MySQL 5.5.45+, 5.6.26+ and 5.7.6+ requirements SSL connection must be established by default if explicit option isn't set. For compliance with existing applications not using SSL the verifyServerCertificate property is set to 'false'. You need either to explicitly disable SSL by setting useSSL=false, or set useSSL=true and provide truststore for server certificate verification.
Sat Sep 15 11:00:17 EDT 2018 WARN: Establishing SSL connection without server's identity verification is not recommended. According to MySQL 5.5.45+, 5.6.26+ and 5.7.6+ requirements SSL connection must be established by default if explicit option isn't set. For compliance with existing applications not using SSL the verifyServerCertificate property is set to 'false'. You need either to explicitly disable SSL by setting useSSL=false, or set useSSL=true and provide truststore for server certificate verification.
Sat Sep 15 11:00:17 EDT 2018 WARN: Establishing SSL connection without server's identity verification is not recommended. According to MySQL 5.5.45+, 5.6.26+ and 5.7.6+ requirements SSL connection must be established by default if explicit option isn't set. For compliance with existing applications not using SSL the verifyServerCertificate property is set to 'false'. You need either to explicitly disable SSL by setting useSSL=false, or set useSSL=true and provide truststore for server certificate verification.
Sat Sep 15 11:00:17 EDT 2018 WARN: Establishing SSL connection without server's identity verification is not recommended. According to MySQL 5.5.45+, 5.6.26+ and 5.7.6+ requirements SSL connection must be established by default if explicit option isn't set. For compliance with existing applications not using SSL the verifyServerCertificate property is set to 'false'. You need either to explicitly disable SSL by setting useSSL=false, or set useSSL=true and provide truststore for server certificate verification.
]]></system-err>
</testsuite>
